<?xml version="1.0" encoding="UTF-8" standalone="no"?>
<!DOCTYPE log SYSTEM "logger.dtd">
<log>
<record>
  <date>2019-06-17T11:35:33</date>
  <millis>1560751533680</millis>
  <sequence>0</sequence>
  <level>START</level>
  <class>com.kms.katalon.core.logging.XmlKeywordLogger</class>
  <method>startSuite</method>
  <thread>1</thread>
  <message>Start Test Suite : Test Suites/Checkout with My Account</message>
  <nestedLevel>0</nestedLevel>
  <property name="name">Checkout with My Account</property>
  <property name="description"></property>
  <property name="id">Test Suites/Checkout with My Account</property>
</record>
<record>
  <date>2019-06-17T11:35:33</date>
  <millis>1560751533696</millis>
  <sequence>1</sequence>
  <level>RUN_DATA</level>
  <class>com.kms.katalon.core.logging.XmlKeywordLogger</class>
  <method>logMessage</method>
  <thread>1</thread>
  <message>hostName = Himangi - WD01-QAHimangi</message>
  <nestedLevel>0</nestedLevel>
  <property name="hostName">Himangi - WD01-QAHimangi</property>
</record>
<record>
  <date>2019-06-17T11:35:33</date>
  <millis>1560751533697</millis>
  <sequence>2</sequence>
  <level>RUN_DATA</level>
  <class>com.kms.katalon.core.logging.XmlKeywordLogger</class>
  <method>logMessage</method>
  <thread>1</thread>
  <message>os = Windows 10 64bit</message>
  <nestedLevel>0</nestedLevel>
  <property name="os">Windows 10 64bit</property>
</record>
<record>
  <date>2019-06-17T11:35:33</date>
  <millis>1560751533697</millis>
  <sequence>3</sequence>
  <level>RUN_DATA</level>
  <class>com.kms.katalon.core.logging.XmlKeywordLogger</class>
  <method>logMessage</method>
  <thread>1</thread>
  <message>hostAddress = 192.168.5.123</message>
  <nestedLevel>0</nestedLevel>
  <property name="hostAddress">192.168.5.123</property>
</record>
<record>
  <date>2019-06-17T11:35:33</date>
  <millis>1560751533698</millis>
  <sequence>4</sequence>
  <level>RUN_DATA</level>
  <class>com.kms.katalon.core.logging.XmlKeywordLogger</class>
  <method>logMessage</method>
  <thread>1</thread>
  <message>katalonVersion = 6.1.0.1</message>
  <nestedLevel>0</nestedLevel>
  <property name="katalonVersion">6.1.0.1</property>
</record>
<record>
  <date>2019-06-17T11:35:33</date>
  <millis>1560751533968</millis>
  <sequence>5</sequence>
  <level>START</level>
  <class>com.kms.katalon.core.logging.XmlKeywordLogger</class>
  <method>startTest</method>
  <thread>1</thread>
  <message>Start Test Case : Test Cases/Guest_Login_Checkout</message>
  <nestedLevel>1</nestedLevel>
  <property name="name">Test Cases/Guest_Login_Checkout</property>
  <property name="description"></property>
  <property name="id">Test Cases/Guest_Login_Checkout</property>
  <property name="source">C:\\Users\\Himangi\\git\\thethreadtheory\\Test Cases\\Guest_Login_Checkout.tc</property>
  <property name="isOptional">false</property>
</record>
<record>
  <date>2019-06-17T11:35:34</date>
  <millis>1560751534521</millis>
  <sequence>7</sequence>
  <level>START</level>
  <class>com.kms.katalon.core.logging.XmlKeywordLogger</class>
  <method>startKeyword</method>
  <thread>1</thread>
  <message>Start action : openBrowser(toString())</message>
  <nestedLevel>1</nestedLevel>
  <property name="startLine">16</property>
  <property name="stepIndex">1</property>
</record>
<record>
  <date>2019-06-17T11:35:34</date>
  <millis>1560751534749</millis>
  <sequence>9</sequence>
  <level>INFO</level>
  <class>com.kms.katalon.core.logging.XmlKeywordLogger</class>
  <method>logMessage</method>
  <thread>1</thread>
  <message>Starting &amp;apos;Chrome&amp;apos; driver</message>
  <nestedLevel>1</nestedLevel>
</record>
<record>
  <date>2019-06-17T11:35:34</date>
  <millis>1560751534778</millis>
  <sequence>10</sequence>
  <level>INFO</level>
  <class>com.kms.katalon.core.logging.XmlKeywordLogger</class>
  <method>logMessage</method>
  <thread>1</thread>
  <message>Action delay is set to 0 seconds</message>
  <nestedLevel>1</nestedLevel>
</record>
<record>
  <date>2019-06-17T11:35:38</date>
  <millis>1560751538546</millis>
  <sequence>12</sequence>
  <level>RUN_DATA</level>
  <class>com.kms.katalon.core.logging.XmlKeywordLogger</class>
  <method>logMessage</method>
  <thread>1</thread>
  <message>sessionId = 09c594b91bd4c32b564f69a386e68aac</message>
  <nestedLevel>1</nestedLevel>
  <property name="sessionId">09c594b91bd4c32b564f69a386e68aac</property>
</record>
<record>
  <date>2019-06-17T11:35:38</date>
  <millis>1560751538564</millis>
  <sequence>13</sequence>
  <level>RUN_DATA</level>
  <class>com.kms.katalon.core.logging.XmlKeywordLogger</class>
  <method>logMessage</method>
  <thread>1</thread>
  <message>browser = Chrome 74.0.3729.169</message>
  <nestedLevel>1</nestedLevel>
  <property name="browser">Chrome 74.0.3729.169</property>
</record>
<record>
  <date>2019-06-17T11:35:38</date>
  <millis>1560751538565</millis>
  <sequence>14</sequence>
  <level>RUN_DATA</level>
  <class>com.kms.katalon.core.logging.XmlKeywordLogger</class>
  <method>logMessage</method>
  <thread>1</thread>
  <message>platform = Windows 10</message>
  <nestedLevel>1</nestedLevel>
  <property name="platform">Windows 10</property>
</record>
<record>
  <date>2019-06-17T11:35:38</date>
  <millis>1560751538567</millis>
  <sequence>15</sequence>
  <level>RUN_DATA</level>
  <class>com.kms.katalon.core.logging.XmlKeywordLogger</class>
  <method>logMessage</method>
  <thread>1</thread>
  <message>seleniumVersion = 3.7.1</message>
  <nestedLevel>1</nestedLevel>
  <property name="seleniumVersion">3.7.1</property>
</record>
<record>
  <date>2019-06-17T11:35:38</date>
  <millis>1560751538569</millis>
  <sequence>16</sequence>
  <level>RUN_DATA</level>
  <class>com.kms.katalon.core.logging.XmlKeywordLogger</class>
  <method>logMessage</method>
  <thread>1</thread>
  <message>proxyInformation = ProxyInformation{proxyOption=NO_PROXY, proxyServerType=HTTP, password=, proxyServerAddress=, proxyServerPort=0}</message>
  <nestedLevel>1</nestedLevel>
  <property name="proxyInformation">ProxyInformation{proxyOption=NO_PROXY, proxyServerType=HTTP, password=, proxyServerAddress=, proxyServerPort=0}</property>
</record>
<record>
  <date>2019-06-17T11:35:41</date>
  <millis>1560751541001</millis>
  <sequence>18</sequence>
  <level>PASSED</level>
  <class>com.kms.katalon.core.logging.XmlKeywordLogger</class>
  <method>logMessage</method>
  <thread>1</thread>
  <message>Browser is opened with url: &amp;apos;Script1560161294020@34b9fc7d&amp;apos;</message>
  <nestedLevel>1</nestedLevel>
</record>
<record>
  <date>2019-06-17T11:35:41</date>
  <millis>1560751541001</millis>
  <sequence>19</sequence>
  <level>END</level>
  <class>com.kms.katalon.core.logging.XmlKeywordLogger</class>
  <method>endKeyword</method>
  <thread>1</thread>
  <message>End action : openBrowser(toString())</message>
  <nestedLevel>1</nestedLevel>
</record>
<record>
  <date>2019-06-17T11:35:41</date>
  <millis>1560751541002</millis>
  <sequence>20</sequence>
  <level>START</level>
  <class>com.kms.katalon.core.logging.XmlKeywordLogger</class>
  <method>startKeyword</method>
  <thread>1</thread>
  <message>Start action : navigateToUrl(\&amp;quot;http://18.138.12.239/\&amp;quot;)</message>
  <nestedLevel>1</nestedLevel>
  <property name="startLine">18</property>
  <property name="stepIndex">2</property>
</record>
<record>
  <date>2019-06-17T11:35:49</date>
  <millis>1560751549795</millis>
  <sequence>23</sequence>
  <level>PASSED</level>
  <class>com.kms.katalon.core.logging.XmlKeywordLogger</class>
  <method>logMessage</method>
  <thread>1</thread>
  <message>Navigate to &amp;apos;http://18.138.12.239/&amp;apos; successfully</message>
  <nestedLevel>1</nestedLevel>
</record>
<record>
  <date>2019-06-17T11:35:49</date>
  <millis>1560751549795</millis>
  <sequence>24</sequence>
  <level>END</level>
  <class>com.kms.katalon.core.logging.XmlKeywordLogger</class>
  <method>endKeyword</method>
  <thread>1</thread>
  <message>End action : navigateToUrl(\&amp;quot;http://18.138.12.239/\&amp;quot;)</message>
  <nestedLevel>1</nestedLevel>
</record>
<record>
  <date>2019-06-17T11:35:49</date>
  <millis>1560751549796</millis>
  <sequence>25</sequence>
  <level>START</level>
  <class>com.kms.katalon.core.logging.XmlKeywordLogger</class>
  <method>startKeyword</method>
  <thread>1</thread>
  <message>Start action : maximizeWindow()</message>
  <nestedLevel>1</nestedLevel>
  <property name="startLine">20</property>
  <property name="stepIndex">3</property>
</record>
<record>
  <date>2019-06-17T11:35:50</date>
  <millis>1560751550947</millis>
  <sequence>27</sequence>
  <level>PASSED</level>
  <class>com.kms.katalon.core.logging.XmlKeywordLogger</class>
  <method>logMessage</method>
  <thread>1</thread>
  <message>Current window maximized</message>
  <nestedLevel>1</nestedLevel>
</record>
<record>
  <date>2019-06-17T11:35:50</date>
  <millis>1560751550947</millis>
  <sequence>28</sequence>
  <level>END</level>
  <class>com.kms.katalon.core.logging.XmlKeywordLogger</class>
  <method>endKeyword</method>
  <thread>1</thread>
  <message>End action : maximizeWindow()</message>
  <nestedLevel>1</nestedLevel>
</record>
<record>
  <date>2019-06-17T11:35:50</date>
  <millis>1560751550948</millis>
  <sequence>29</sequence>
  <level>START</level>
  <class>com.kms.katalon.core.logging.XmlKeywordLogger</class>
  <method>startKeyword</method>
  <thread>1</thread>
  <message>Start action : delay(10)</message>
  <nestedLevel>1</nestedLevel>
  <property name="startLine">22</property>
  <property name="stepIndex">4</property>
</record>
<record>
  <date>2019-06-17T11:36:00</date>
  <millis>1560751560981</millis>
  <sequence>31</sequence>
  <level>PASSED</level>
  <class>com.kms.katalon.core.logging.XmlKeywordLogger</class>
  <method>logMessage</method>
  <thread>1</thread>
  <message>Delayed 10 second(s)</message>
  <nestedLevel>1</nestedLevel>
</record>
<record>
  <date>2019-06-17T11:36:00</date>
  <millis>1560751560982</millis>
  <sequence>32</sequence>
  <level>END</level>
  <class>com.kms.katalon.core.logging.XmlKeywordLogger</class>
  <method>endKeyword</method>
  <thread>1</thread>
  <message>End action : delay(10)</message>
  <nestedLevel>1</nestedLevel>
</record>
<record>
  <date>2019-06-17T11:36:00</date>
  <millis>1560751560983</millis>
  <sequence>33</sequence>
  <level>START</level>
  <class>com.kms.katalon.core.logging.XmlKeywordLogger</class>
  <method>startKeyword</method>
  <thread>1</thread>
  <message>Start action : check(findTestObject(\&amp;quot;Object Repository/add to cart/Page_Welcome to The Thread Theory  The Thread Theory/span_concat(Don  t show this popup again)_check\&amp;quot;))</message>
  <nestedLevel>1</nestedLevel>
  <property name="startLine">24</property>
  <property name="stepIndex">5</property>
</record>
<record>
  <date>2019-06-17T11:36:01</date>
  <millis>1560751561129</millis>
  <sequence>40</sequence>
  <level>PASSED</level>
  <class>com.kms.katalon.core.logging.XmlKeywordLogger</class>
  <method>logMessage</method>
  <thread>1</thread>
  <message>Object &amp;apos;Object Repository/add to cart/Page_Welcome to The Thread Theory  The Thread Theory/span_concat(Don  t show this popup again)_check&amp;apos; is checked</message>
  <nestedLevel>1</nestedLevel>
</record>
<record>
  <date>2019-06-17T11:36:01</date>
  <millis>1560751561129</millis>
  <sequence>41</sequence>
  <level>END</level>
  <class>com.kms.katalon.core.logging.XmlKeywordLogger</class>
  <method>endKeyword</method>
  <thread>1</thread>
  <message>End action : check(findTestObject(\&amp;quot;Object Repository/add to cart/Page_Welcome to The Thread Theory  The Thread Theory/span_concat(Don  t show this popup again)_check\&amp;quot;))</message>
  <nestedLevel>1</nestedLevel>
</record>
<record>
  <date>2019-06-17T11:36:01</date>
  <millis>1560751561130</millis>
  <sequence>42</sequence>
  <level>START</level>
  <class>com.kms.katalon.core.logging.XmlKeywordLogger</class>
  <method>startKeyword</method>
  <thread>1</thread>
  <message>Start action : click(findTestObject(\&amp;quot;Object Repository/add to cart/Page_Welcome to The Thread Theory  The Thread Theory/button_Close\&amp;quot;))</message>
  <nestedLevel>1</nestedLevel>
  <property name="startLine">26</property>
  <property name="stepIndex">6</property>
</record>
<record>
  <date>2019-06-17T11:36:01</date>
  <millis>1560751561207</millis>
  <sequence>49</sequence>
  <level>PASSED</level>
  <class>com.kms.katalon.core.logging.XmlKeywordLogger</class>
  <method>logMessage</method>
  <thread>1</thread>
  <message>Object: &amp;apos;Object Repository/add to cart/Page_Welcome to The Thread Theory  The Thread Theory/button_Close&amp;apos; is clicked on</message>
  <nestedLevel>1</nestedLevel>
</record>
<record>
  <date>2019-06-17T11:36:01</date>
  <millis>1560751561208</millis>
  <sequence>50</sequence>
  <level>END</level>
  <class>com.kms.katalon.core.logging.XmlKeywordLogger</class>
  <method>endKeyword</method>
  <thread>1</thread>
  <message>End action : click(findTestObject(\&amp;quot;Object Repository/add to cart/Page_Welcome to The Thread Theory  The Thread Theory/button_Close\&amp;quot;))</message>
  <nestedLevel>1</nestedLevel>
</record>
<record>
  <date>2019-06-17T11:36:01</date>
  <millis>1560751561208</millis>
  <sequence>51</sequence>
  <level>START</level>
  <class>com.kms.katalon.core.logging.XmlKeywordLogger</class>
  <method>startKeyword</method>
  <thread>1</thread>
  <message>Start action : delay(10)</message>
  <nestedLevel>1</nestedLevel>
  <property name="startLine">28</property>
  <property name="stepIndex">7</property>
</record>
<record>
  <date>2019-06-17T11:36:11</date>
  <millis>1560751571214</millis>
  <sequence>53</sequence>
  <level>PASSED</level>
  <class>com.kms.katalon.core.logging.XmlKeywordLogger</class>
  <method>logMessage</method>
  <thread>1</thread>
  <message>Delayed 10 second(s)</message>
  <nestedLevel>1</nestedLevel>
</record>
<record>
  <date>2019-06-17T11:36:11</date>
  <millis>1560751571216</millis>
  <sequence>54</sequence>
  <level>END</level>
  <class>com.kms.katalon.core.logging.XmlKeywordLogger</class>
  <method>endKeyword</method>
  <thread>1</thread>
  <message>End action : delay(10)</message>
  <nestedLevel>1</nestedLevel>
</record>
<record>
  <date>2019-06-17T11:36:11</date>
  <millis>1560751571217</millis>
  <sequence>55</sequence>
  <level>START</level>
  <class>com.kms.katalon.core.logging.XmlKeywordLogger</class>
  <method>startKeyword</method>
  <thread>1</thread>
  <message>Start action : mouseOver(findTestObject(\&amp;quot;add to cart/menu_cart_mini/Page_Work Wear - DRESSES - SHOP/span_SHOP\&amp;quot;))</message>
  <nestedLevel>1</nestedLevel>
  <property name="startLine">30</property>
  <property name="stepIndex">8</property>
</record>
<record>
  <date>2019-06-17T11:36:11</date>
  <millis>1560751571331</millis>
  <sequence>62</sequence>
  <level>PASSED</level>
  <class>com.kms.katalon.core.logging.XmlKeywordLogger</class>
  <method>logMessage</method>
  <thread>1</thread>
  <message>Object: &amp;apos;Object Repository/add to cart/menu_cart_mini/Page_Work Wear - DRESSES - SHOP/span_SHOP&amp;apos; is hovered</message>
  <nestedLevel>1</nestedLevel>
</record>
<record>
  <date>2019-06-17T11:36:11</date>
  <millis>1560751571332</millis>
  <sequence>63</sequence>
  <level>END</level>
  <class>com.kms.katalon.core.logging.XmlKeywordLogger</class>
  <method>endKeyword</method>
  <thread>1</thread>
  <message>End action : mouseOver(findTestObject(\&amp;quot;add to cart/menu_cart_mini/Page_Work Wear - DRESSES - SHOP/span_SHOP\&amp;quot;))</message>
  <nestedLevel>1</nestedLevel>
</record>
<record>
  <date>2019-06-17T11:36:11</date>
  <millis>1560751571333</millis>
  <sequence>64</sequence>
  <level>START</level>
  <class>com.kms.katalon.core.logging.XmlKeywordLogger</class>
  <method>startKeyword</method>
  <thread>1</thread>
  <message>Start action : click(findTestObject(\&amp;quot;add to cart/menu_cart_mini/Page_Work Wear - DRESSES - SHOP/span_Work Wear\&amp;quot;))</message>
  <nestedLevel>1</nestedLevel>
  <property name="startLine">32</property>
  <property name="stepIndex">9</property>
</record>
<record>
  <date>2019-06-17T11:36:20</date>
  <millis>1560751580645</millis>
  <sequence>71</sequence>
  <level>PASSED</level>
  <class>com.kms.katalon.core.logging.XmlKeywordLogger</class>
  <method>logMessage</method>
  <thread>1</thread>
  <message>Object: &amp;apos;Object Repository/add to cart/menu_cart_mini/Page_Work Wear - DRESSES - SHOP/span_Work Wear&amp;apos; is clicked on</message>
  <nestedLevel>1</nestedLevel>
</record>
<record>
  <date>2019-06-17T11:36:20</date>
  <millis>1560751580645</millis>
  <sequence>72</sequence>
  <level>END</level>
  <class>com.kms.katalon.core.logging.XmlKeywordLogger</class>
  <method>endKeyword</method>
  <thread>1</thread>
  <message>End action : click(findTestObject(\&amp;quot;add to cart/menu_cart_mini/Page_Work Wear - DRESSES - SHOP/span_Work Wear\&amp;quot;))</message>
  <nestedLevel>1</nestedLevel>
</record>
<record>
  <date>2019-06-17T11:36:20</date>
  <millis>1560751580646</millis>
  <sequence>73</sequence>
  <level>START</level>
  <class>com.kms.katalon.core.logging.XmlKeywordLogger</class>
  <method>startKeyword</method>
  <thread>1</thread>
  <message>Start action : delay(5)</message>
  <nestedLevel>1</nestedLevel>
  <property name="startLine">34</property>
  <property name="stepIndex">10</property>
</record>
<record>
  <date>2019-06-17T11:36:25</date>
  <millis>1560751585649</millis>
  <sequence>75</sequence>
  <level>PASSED</level>
  <class>com.kms.katalon.core.logging.XmlKeywordLogger</class>
  <method>logMessage</method>
  <thread>1</thread>
  <message>Delayed 5 second(s)</message>
  <nestedLevel>1</nestedLevel>
</record>
<record>
  <date>2019-06-17T11:36:25</date>
  <millis>1560751585650</millis>
  <sequence>76</sequence>
  <level>END</level>
  <class>com.kms.katalon.core.logging.XmlKeywordLogger</class>
  <method>endKeyword</method>
  <thread>1</thread>
  <message>End action : delay(5)</message>
  <nestedLevel>1</nestedLevel>
</record>
<record>
  <date>2019-06-17T11:36:25</date>
  <millis>1560751585651</millis>
  <sequence>77</sequence>
  <level>START</level>
  <class>com.kms.katalon.core.logging.XmlKeywordLogger</class>
  <method>startKeyword</method>
  <thread>1</thread>
  <message>Start action : scrollToElement(findTestObject(\&amp;quot;Filter_Sort/Page_Work Wear - DRESSES - SHOP/img_Quick View_imgage-additional\&amp;quot;), 5)</message>
  <nestedLevel>1</nestedLevel>
  <property name="startLine">36</property>
  <property name="stepIndex">11</property>
</record>
<record>
  <date>2019-06-17T11:36:25</date>
  <millis>1560751585763</millis>
  <sequence>85</sequence>
  <level>PASSED</level>
  <class>com.kms.katalon.core.logging.XmlKeywordLogger</class>
  <method>logMessage</method>
  <thread>1</thread>
  <message>Scroll to object &amp;apos;Object Repository/Filter_Sort/Page_Work Wear - DRESSES - SHOP/img_Quick View_imgage-additional&amp;apos; successfully</message>
  <nestedLevel>1</nestedLevel>
</record>
<record>
  <date>2019-06-17T11:36:25</date>
  <millis>1560751585763</millis>
  <sequence>86</sequence>
  <level>END</level>
  <class>com.kms.katalon.core.logging.XmlKeywordLogger</class>
  <method>endKeyword</method>
  <thread>1</thread>
  <message>End action : scrollToElement(findTestObject(\&amp;quot;Filter_Sort/Page_Work Wear - DRESSES - SHOP/img_Quick View_imgage-additional\&amp;quot;), 5)</message>
  <nestedLevel>1</nestedLevel>
</record>
<record>
  <date>2019-06-17T11:36:25</date>
  <millis>1560751585764</millis>
  <sequence>87</sequence>
  <level>START</level>
  <class>com.kms.katalon.core.logging.XmlKeywordLogger</class>
  <method>startKeyword</method>
  <thread>1</thread>
  <message>Start action : mouseOver(findTestObject(\&amp;quot;Filter_Sort/Page_Work Wear - DRESSES - SHOP/img_Quick View_imgage-additional\&amp;quot;))</message>
  <nestedLevel>1</nestedLevel>
  <property name="startLine">38</property>
  <property name="stepIndex">12</property>
</record>
<record>
  <date>2019-06-17T11:36:25</date>
  <millis>1560751585819</millis>
  <sequence>94</sequence>
  <level>PASSED</level>
  <class>com.kms.katalon.core.logging.XmlKeywordLogger</class>
  <method>logMessage</method>
  <thread>1</thread>
  <message>Object: &amp;apos;Object Repository/Filter_Sort/Page_Work Wear - DRESSES - SHOP/img_Quick View_imgage-additional&amp;apos; is hovered</message>
  <nestedLevel>1</nestedLevel>
</record>
<record>
  <date>2019-06-17T11:36:25</date>
  <millis>1560751585820</millis>
  <sequence>95</sequence>
  <level>END</level>
  <class>com.kms.katalon.core.logging.XmlKeywordLogger</class>
  <method>endKeyword</method>
  <thread>1</thread>
  <message>End action : mouseOver(findTestObject(\&amp;quot;Filter_Sort/Page_Work Wear - DRESSES - SHOP/img_Quick View_imgage-additional\&amp;quot;))</message>
  <nestedLevel>1</nestedLevel>
</record>
<record>
  <date>2019-06-17T11:36:25</date>
  <millis>1560751585820</millis>
  <sequence>96</sequence>
  <level>START</level>
  <class>com.kms.katalon.core.logging.XmlKeywordLogger</class>
  <method>startKeyword</method>
  <thread>1</thread>
  <message>Start action : click(findTestObject(\&amp;quot;Filter_Sort/Page_Work Wear - DRESSES - SHOP/img_Quick View_imgage-additional\&amp;quot;))</message>
  <nestedLevel>1</nestedLevel>
  <property name="startLine">40</property>
  <property name="stepIndex">13</property>
</record>
<record>
  <date>2019-06-17T11:36:29</date>
  <millis>1560751589571</millis>
  <sequence>103</sequence>
  <level>PASSED</level>
  <class>com.kms.katalon.core.logging.XmlKeywordLogger</class>
  <method>logMessage</method>
  <thread>1</thread>
  <message>Object: &amp;apos;Object Repository/Filter_Sort/Page_Work Wear - DRESSES - SHOP/img_Quick View_imgage-additional&amp;apos; is clicked on</message>
  <nestedLevel>1</nestedLevel>
</record>
<record>
  <date>2019-06-17T11:36:29</date>
  <millis>1560751589572</millis>
  <sequence>104</sequence>
  <level>END</level>
  <class>com.kms.katalon.core.logging.XmlKeywordLogger</class>
  <method>endKeyword</method>
  <thread>1</thread>
  <message>End action : click(findTestObject(\&amp;quot;Filter_Sort/Page_Work Wear - DRESSES - SHOP/img_Quick View_imgage-additional\&amp;quot;))</message>
  <nestedLevel>1</nestedLevel>
</record>
<record>
  <date>2019-06-17T11:36:29</date>
  <millis>1560751589572</millis>
  <sequence>105</sequence>
  <level>START</level>
  <class>com.kms.katalon.core.logging.XmlKeywordLogger</class>
  <method>startKeyword</method>
  <thread>1</thread>
  <message>Start action : delay(10)</message>
  <nestedLevel>1</nestedLevel>
  <property name="startLine">42</property>
  <property name="stepIndex">14</property>
</record>
<record>
  <date>2019-06-17T11:36:39</date>
  <millis>1560751599575</millis>
  <sequence>107</sequence>
  <level>PASSED</level>
  <class>com.kms.katalon.core.logging.XmlKeywordLogger</class>
  <method>logMessage</method>
  <thread>1</thread>
  <message>Delayed 10 second(s)</message>
  <nestedLevel>1</nestedLevel>
</record>
<record>
  <date>2019-06-17T11:36:39</date>
  <millis>1560751599576</millis>
  <sequence>108</sequence>
  <level>END</level>
  <class>com.kms.katalon.core.logging.XmlKeywordLogger</class>
  <method>endKeyword</method>
  <thread>1</thread>
  <message>End action : delay(10)</message>
  <nestedLevel>1</nestedLevel>
</record>
<record>
  <date>2019-06-17T11:36:39</date>
  <millis>1560751599576</millis>
  <sequence>109</sequence>
  <level>START</level>
  <class>com.kms.katalon.core.logging.XmlKeywordLogger</class>
  <method>startKeyword</method>
  <thread>1</thread>
  <message>Start action : click(findTestObject(\&amp;quot;add to cart/Page_Lana Lace Romper (Navy) (1)/div_L\&amp;quot;))</message>
  <nestedLevel>1</nestedLevel>
  <property name="startLine">44</property>
  <property name="stepIndex">15</property>
</record>
<record>
  <date>2019-06-17T11:36:39</date>
  <millis>1560751599713</millis>
  <sequence>116</sequence>
  <level>PASSED</level>
  <class>com.kms.katalon.core.logging.XmlKeywordLogger</class>
  <method>logMessage</method>
  <thread>1</thread>
  <message>Object: &amp;apos;Object Repository/add to cart/Page_Lana Lace Romper (Navy) (1)/div_L&amp;apos; is clicked on</message>
  <nestedLevel>1</nestedLevel>
</record>
<record>
  <date>2019-06-17T11:36:39</date>
  <millis>1560751599715</millis>
  <sequence>117</sequence>
  <level>END</level>
  <class>com.kms.katalon.core.logging.XmlKeywordLogger</class>
  <method>endKeyword</method>
  <thread>1</thread>
  <message>End action : click(findTestObject(\&amp;quot;add to cart/Page_Lana Lace Romper (Navy) (1)/div_L\&amp;quot;))</message>
  <nestedLevel>1</nestedLevel>
</record>
<record>
  <date>2019-06-17T11:36:39</date>
  <millis>1560751599715</millis>
  <sequence>118</sequence>
  <level>START</level>
  <class>com.kms.katalon.core.logging.XmlKeywordLogger</class>
  <method>startKeyword</method>
  <thread>1</thread>
  <message>Start action : click(findTestObject(\&amp;quot;add to cart/Page_Lana Lace Romper (Navy)/span_OS_cs-font clever-icon-plus\&amp;quot;))</message>
  <nestedLevel>1</nestedLevel>
  <property name="startLine">46</property>
  <property name="stepIndex">16</property>
</record>
<record>
  <date>2019-06-17T11:36:39</date>
  <millis>1560751599795</millis>
  <sequence>125</sequence>
  <level>PASSED</level>
  <class>com.kms.katalon.core.logging.XmlKeywordLogger</class>
  <method>logMessage</method>
  <thread>1</thread>
  <message>Object: &amp;apos;Object Repository/add to cart/Page_Lana Lace Romper (Navy)/span_OS_cs-font clever-icon-plus&amp;apos; is clicked on</message>
  <nestedLevel>1</nestedLevel>
</record>
<record>
  <date>2019-06-17T11:36:39</date>
  <millis>1560751599795</millis>
  <sequence>126</sequence>
  <level>END</level>
  <class>com.kms.katalon.core.logging.XmlKeywordLogger</class>
  <method>endKeyword</method>
  <thread>1</thread>
  <message>End action : click(findTestObject(\&amp;quot;add to cart/Page_Lana Lace Romper (Navy)/span_OS_cs-font clever-icon-plus\&amp;quot;))</message>
  <nestedLevel>1</nestedLevel>
</record>
<record>
  <date>2019-06-17T11:36:39</date>
  <millis>1560751599796</millis>
  <sequence>127</sequence>
  <level>START</level>
  <class>com.kms.katalon.core.logging.XmlKeywordLogger</class>
  <method>startKeyword</method>
  <thread>1</thread>
  <message>Start action : click(findTestObject(\&amp;quot;add to cart/menu_cart_mini/Page_Softly Edelweiss Swiss Dot Dress (Powder Blue)/button_Add to Cart\&amp;quot;))</message>
  <nestedLevel>1</nestedLevel>
  <property name="startLine">48</property>
  <property name="stepIndex">17</property>
</record>
<record>
  <date>2019-06-17T11:36:39</date>
  <millis>1560751599935</millis>
  <sequence>134</sequence>
  <level>PASSED</level>
  <class>com.kms.katalon.core.logging.XmlKeywordLogger</class>
  <method>logMessage</method>
  <thread>1</thread>
  <message>Object: &amp;apos;Object Repository/add to cart/menu_cart_mini/Page_Softly Edelweiss Swiss Dot Dress (Powder Blue)/button_Add to Cart&amp;apos; is clicked on</message>
  <nestedLevel>1</nestedLevel>
</record>
<record>
  <date>2019-06-17T11:36:39</date>
  <millis>1560751599936</millis>
  <sequence>135</sequence>
  <level>END</level>
  <class>com.kms.katalon.core.logging.XmlKeywordLogger</class>
  <method>endKeyword</method>
  <thread>1</thread>
  <message>End action : click(findTestObject(\&amp;quot;add to cart/menu_cart_mini/Page_Softly Edelweiss Swiss Dot Dress (Powder Blue)/button_Add to Cart\&amp;quot;))</message>
  <nestedLevel>1</nestedLevel>
</record>
<record>
  <date>2019-06-17T11:36:39</date>
  <millis>1560751599936</millis>
  <sequence>136</sequence>
  <level>START</level>
  <class>com.kms.katalon.core.logging.XmlKeywordLogger</class>
  <method>startKeyword</method>
  <thread>1</thread>
  <message>Start action : click(findTestObject(\&amp;quot;add to cart/Page_Lana Lace Romper (Navy)/span_2                                        2                items\&amp;quot;))</message>
  <nestedLevel>1</nestedLevel>
  <property name="startLine">50</property>
  <property name="stepIndex">18</property>
</record>
<record>
  <date>2019-06-17T11:36:42</date>
  <millis>1560751602822</millis>
  <sequence>143</sequence>
  <level>PASSED</level>
  <class>com.kms.katalon.core.logging.XmlKeywordLogger</class>
  <method>logMessage</method>
  <thread>1</thread>
  <message>Object: &amp;apos;Object Repository/add to cart/Page_Lana Lace Romper (Navy)/span_2                                        2                items&amp;apos; is clicked on</message>
  <nestedLevel>1</nestedLevel>
</record>
<record>
  <date>2019-06-17T11:36:42</date>
  <millis>1560751602822</millis>
  <sequence>144</sequence>
  <level>END</level>
  <class>com.kms.katalon.core.logging.XmlKeywordLogger</class>
  <method>endKeyword</method>
  <thread>1</thread>
  <message>End action : click(findTestObject(\&amp;quot;add to cart/Page_Lana Lace Romper (Navy)/span_2                                        2                items\&amp;quot;))</message>
  <nestedLevel>1</nestedLevel>
</record>
<record>
  <date>2019-06-17T11:36:42</date>
  <millis>1560751602823</millis>
  <sequence>145</sequence>
  <level>START</level>
  <class>com.kms.katalon.core.logging.XmlKeywordLogger</class>
  <method>startKeyword</method>
  <thread>1</thread>
  <message>Start action : delay(5)</message>
  <nestedLevel>1</nestedLevel>
  <property name="startLine">52</property>
  <property name="stepIndex">19</property>
</record>
<record>
  <date>2019-06-17T11:36:47</date>
  <millis>1560751607826</millis>
  <sequence>147</sequence>
  <level>PASSED</level>
  <class>com.kms.katalon.core.logging.XmlKeywordLogger</class>
  <method>logMessage</method>
  <thread>1</thread>
  <message>Delayed 5 second(s)</message>
  <nestedLevel>1</nestedLevel>
</record>
<record>
  <date>2019-06-17T11:36:47</date>
  <millis>1560751607828</millis>
  <sequence>148</sequence>
  <level>END</level>
  <class>com.kms.katalon.core.logging.XmlKeywordLogger</class>
  <method>endKeyword</method>
  <thread>1</thread>
  <message>End action : delay(5)</message>
  <nestedLevel>1</nestedLevel>
</record>
<record>
  <date>2019-06-17T11:36:47</date>
  <millis>1560751607829</millis>
  <sequence>149</sequence>
  <level>START</level>
  <class>com.kms.katalon.core.logging.XmlKeywordLogger</class>
  <method>startKeyword</method>
  <thread>1</thread>
  <message>Start action : click(findTestObject(\&amp;quot;View Kart/Page_Lana Lace Romper (Navy)/span_View cart\&amp;quot;))</message>
  <nestedLevel>1</nestedLevel>
  <property name="startLine">54</property>
  <property name="stepIndex">20</property>
</record>
<record>
  <date>2019-06-17T11:36:58</date>
  <millis>1560751618347</millis>
  <sequence>156</sequence>
  <level>PASSED</level>
  <class>com.kms.katalon.core.logging.XmlKeywordLogger</class>
  <method>logMessage</method>
  <thread>1</thread>
  <message>Object: &amp;apos;Object Repository/View Kart/Page_Lana Lace Romper (Navy)/span_View cart&amp;apos; is clicked on</message>
  <nestedLevel>1</nestedLevel>
</record>
<record>
  <date>2019-06-17T11:36:58</date>
  <millis>1560751618348</millis>
  <sequence>157</sequence>
  <level>END</level>
  <class>com.kms.katalon.core.logging.XmlKeywordLogger</class>
  <method>endKeyword</method>
  <thread>1</thread>
  <message>End action : click(findTestObject(\&amp;quot;View Kart/Page_Lana Lace Romper (Navy)/span_View cart\&amp;quot;))</message>
  <nestedLevel>1</nestedLevel>
</record>
<record>
  <date>2019-06-17T11:36:58</date>
  <millis>1560751618348</millis>
  <sequence>158</sequence>
  <level>START</level>
  <class>com.kms.katalon.core.logging.XmlKeywordLogger</class>
  <method>startKeyword</method>
  <thread>1</thread>
  <message>Start action : delay(10)</message>
  <nestedLevel>1</nestedLevel>
  <property name="startLine">56</property>
  <property name="stepIndex">21</property>
</record>
<record>
  <date>2019-06-17T11:37:08</date>
  <millis>1560751628352</millis>
  <sequence>160</sequence>
  <level>PASSED</level>
  <class>com.kms.katalon.core.logging.XmlKeywordLogger</class>
  <method>logMessage</method>
  <thread>1</thread>
  <message>Delayed 10 second(s)</message>
  <nestedLevel>1</nestedLevel>
</record>
<record>
  <date>2019-06-17T11:37:08</date>
  <millis>1560751628354</millis>
  <sequence>161</sequence>
  <level>END</level>
  <class>com.kms.katalon.core.logging.XmlKeywordLogger</class>
  <method>endKeyword</method>
  <thread>1</thread>
  <message>End action : delay(10)</message>
  <nestedLevel>1</nestedLevel>
</record>
<record>
  <date>2019-06-17T11:37:08</date>
  <millis>1560751628354</millis>
  <sequence>162</sequence>
  <level>START</level>
  <class>com.kms.katalon.core.logging.XmlKeywordLogger</class>
  <method>startKeyword</method>
  <thread>1</thread>
  <message>Start action : click(findTestObject(\&amp;quot;GuestUser/Page_Shopping Cart/strong_Summary\&amp;quot;))</message>
  <nestedLevel>1</nestedLevel>
  <property name="startLine">58</property>
  <property name="stepIndex">22</property>
</record>
<record>
  <date>2019-06-17T11:37:08</date>
  <millis>1560751628479</millis>
  <sequence>169</sequence>
  <level>PASSED</level>
  <class>com.kms.katalon.core.logging.XmlKeywordLogger</class>
  <method>logMessage</method>
  <thread>1</thread>
  <message>Object: &amp;apos;Object Repository/GuestUser/Page_Shopping Cart/strong_Summary&amp;apos; is clicked on</message>
  <nestedLevel>1</nestedLevel>
</record>
<record>
  <date>2019-06-17T11:37:08</date>
  <millis>1560751628480</millis>
  <sequence>170</sequence>
  <level>END</level>
  <class>com.kms.katalon.core.logging.XmlKeywordLogger</class>
  <method>endKeyword</method>
  <thread>1</thread>
  <message>End action : click(findTestObject(\&amp;quot;GuestUser/Page_Shopping Cart/strong_Summary\&amp;quot;))</message>
  <nestedLevel>1</nestedLevel>
</record>
<record>
  <date>2019-06-17T11:37:08</date>
  <millis>1560751628480</millis>
  <sequence>171</sequence>
  <level>START</level>
  <class>com.kms.katalon.core.logging.XmlKeywordLogger</class>
  <method>startKeyword</method>
  <thread>1</thread>
  <message>Start action : delay(5)</message>
  <nestedLevel>1</nestedLevel>
  <property name="startLine">60</property>
  <property name="stepIndex">23</property>
</record>
<record>
  <date>2019-06-17T11:37:13</date>
  <millis>1560751633482</millis>
  <sequence>173</sequence>
  <level>PASSED</level>
  <class>com.kms.katalon.core.logging.XmlKeywordLogger</class>
  <method>logMessage</method>
  <thread>1</thread>
  <message>Delayed 5 second(s)</message>
  <nestedLevel>1</nestedLevel>
</record>
<record>
  <date>2019-06-17T11:37:13</date>
  <millis>1560751633484</millis>
  <sequence>174</sequence>
  <level>END</level>
  <class>com.kms.katalon.core.logging.XmlKeywordLogger</class>
  <method>endKeyword</method>
  <thread>1</thread>
  <message>End action : delay(5)</message>
  <nestedLevel>1</nestedLevel>
</record>
<record>
  <date>2019-06-17T11:37:13</date>
  <millis>1560751633485</millis>
  <sequence>175</sequence>
  <level>START</level>
  <class>com.kms.katalon.core.logging.XmlKeywordLogger</class>
  <method>startKeyword</method>
  <thread>1</thread>
  <message>Start action : scrollToElement(findTestObject(\&amp;quot;add to cart/menu_cart_mini/Page_Shopping Cart/button_GO TO CHECKOUT\&amp;quot;), 5)</message>
  <nestedLevel>1</nestedLevel>
  <property name="startLine">62</property>
  <property name="stepIndex">24</property>
</record>
<record>
  <date>2019-06-17T11:37:13</date>
  <millis>1560751633569</millis>
  <sequence>183</sequence>
  <level>PASSED</level>
  <class>com.kms.katalon.core.logging.XmlKeywordLogger</class>
  <method>logMessage</method>
  <thread>1</thread>
  <message>Scroll to object &amp;apos;Object Repository/add to cart/menu_cart_mini/Page_Shopping Cart/button_GO TO CHECKOUT&amp;apos; successfully</message>
  <nestedLevel>1</nestedLevel>
</record>
<record>
  <date>2019-06-17T11:37:13</date>
  <millis>1560751633570</millis>
  <sequence>184</sequence>
  <level>END</level>
  <class>com.kms.katalon.core.logging.XmlKeywordLogger</class>
  <method>endKeyword</method>
  <thread>1</thread>
  <message>End action : scrollToElement(findTestObject(\&amp;quot;add to cart/menu_cart_mini/Page_Shopping Cart/button_GO TO CHECKOUT\&amp;quot;), 5)</message>
  <nestedLevel>1</nestedLevel>
</record>
<record>
  <date>2019-06-17T11:37:13</date>
  <millis>1560751633570</millis>
  <sequence>185</sequence>
  <level>START</level>
  <class>com.kms.katalon.core.logging.XmlKeywordLogger</class>
  <method>startKeyword</method>
  <thread>1</thread>
  <message>Start action : click(findTestObject(\&amp;quot;add to cart/menu_cart_mini/Page_Shopping Cart/button_GO TO CHECKOUT\&amp;quot;))</message>
  <nestedLevel>1</nestedLevel>
  <property name="startLine">64</property>
  <property name="stepIndex">25</property>
</record>
<record>
  <date>2019-06-17T11:37:13</date>
  <millis>1560751633680</millis>
  <sequence>192</sequence>
  <level>PASSED</level>
  <class>com.kms.katalon.core.logging.XmlKeywordLogger</class>
  <method>logMessage</method>
  <thread>1</thread>
  <message>Object: &amp;apos;Object Repository/add to cart/menu_cart_mini/Page_Shopping Cart/button_GO TO CHECKOUT&amp;apos; is clicked on</message>
  <nestedLevel>1</nestedLevel>
</record>
<record>
  <date>2019-06-17T11:37:13</date>
  <millis>1560751633681</millis>
  <sequence>193</sequence>
  <level>END</level>
  <class>com.kms.katalon.core.logging.XmlKeywordLogger</class>
  <method>endKeyword</method>
  <thread>1</thread>
  <message>End action : click(findTestObject(\&amp;quot;add to cart/menu_cart_mini/Page_Shopping Cart/button_GO TO CHECKOUT\&amp;quot;))</message>
  <nestedLevel>1</nestedLevel>
</record>
<record>
  <date>2019-06-17T11:37:13</date>
  <millis>1560751633681</millis>
  <sequence>194</sequence>
  <level>START</level>
  <class>com.kms.katalon.core.logging.XmlKeywordLogger</class>
  <method>startKeyword</method>
  <thread>1</thread>
  <message>Start action : delay(5)</message>
  <nestedLevel>1</nestedLevel>
  <property name="startLine">66</property>
  <property name="stepIndex">26</property>
</record>
<record>
  <date>2019-06-17T11:37:18</date>
  <millis>1560751638684</millis>
  <sequence>196</sequence>
  <level>PASSED</level>
  <class>com.kms.katalon.core.logging.XmlKeywordLogger</class>
  <method>logMessage</method>
  <thread>1</thread>
  <message>Delayed 5 second(s)</message>
  <nestedLevel>1</nestedLevel>
</record>
<record>
  <date>2019-06-17T11:37:18</date>
  <millis>1560751638686</millis>
  <sequence>197</sequence>
  <level>END</level>
  <class>com.kms.katalon.core.logging.XmlKeywordLogger</class>
  <method>endKeyword</method>
  <thread>1</thread>
  <message>End action : delay(5)</message>
  <nestedLevel>1</nestedLevel>
</record>
<record>
  <date>2019-06-17T11:37:18</date>
  <millis>1560751638687</millis>
  <sequence>198</sequence>
  <level>START</level>
  <class>com.kms.katalon.core.logging.XmlKeywordLogger</class>
  <method>startKeyword</method>
  <thread>1</thread>
  <message>Start action : setText(findTestObject(\&amp;quot;GuestUser/Page_Shopping Cart/input_Email Address_username\&amp;quot;), \&amp;quot;himangi.tankha+5@ranosys.com\&amp;quot;)</message>
  <nestedLevel>1</nestedLevel>
  <property name="startLine">68</property>
  <property name="stepIndex">27</property>
</record>
<record>
  <date>2019-06-17T11:37:18</date>
  <millis>1560751638919</millis>
  <sequence>210</sequence>
  <level>PASSED</level>
  <class>com.kms.katalon.core.logging.XmlKeywordLogger</class>
  <method>logMessage</method>
  <thread>1</thread>
  <message>Text &amp;apos;himangi.tankha+5@ranosys.com&amp;apos; is set on object &amp;apos;Object Repository/GuestUser/Page_Shopping Cart/input_Email Address_username&amp;apos;</message>
  <nestedLevel>1</nestedLevel>
</record>
<record>
  <date>2019-06-17T11:37:18</date>
  <millis>1560751638919</millis>
  <sequence>211</sequence>
  <level>END</level>
  <class>com.kms.katalon.core.logging.XmlKeywordLogger</class>
  <method>endKeyword</method>
  <thread>1</thread>
  <message>End action : setText(findTestObject(\&amp;quot;GuestUser/Page_Shopping Cart/input_Email Address_username\&amp;quot;), \&amp;quot;himangi.tankha+5@ranosys.com\&amp;quot;)</message>
  <nestedLevel>1</nestedLevel>
</record>
<record>
  <date>2019-06-17T11:37:18</date>
  <millis>1560751638920</millis>
  <sequence>212</sequence>
  <level>START</level>
  <class>com.kms.katalon.core.logging.XmlKeywordLogger</class>
  <method>startKeyword</method>
  <thread>1</thread>
  <message>Start action : setText(findTestObject(\&amp;quot;GuestUser/Page_Shopping Cart/input_Password_password\&amp;quot;), \&amp;quot;password123\&amp;quot;)</message>
  <nestedLevel>1</nestedLevel>
  <property name="startLine">70</property>
  <property name="stepIndex">28</property>
</record>
<record>
  <date>2019-06-17T11:37:19</date>
  <millis>1560751639028</millis>
  <sequence>224</sequence>
  <level>PASSED</level>
  <class>com.kms.katalon.core.logging.XmlKeywordLogger</class>
  <method>logMessage</method>
  <thread>1</thread>
  <message>Text &amp;apos;password123&amp;apos; is set on object &amp;apos;Object Repository/GuestUser/Page_Shopping Cart/input_Password_password&amp;apos;</message>
  <nestedLevel>1</nestedLevel>
</record>
<record>
  <date>2019-06-17T11:37:19</date>
  <millis>1560751639029</millis>
  <sequence>225</sequence>
  <level>END</level>
  <class>com.kms.katalon.core.logging.XmlKeywordLogger</class>
  <method>endKeyword</method>
  <thread>1</thread>
  <message>End action : setText(findTestObject(\&amp;quot;GuestUser/Page_Shopping Cart/input_Password_password\&amp;quot;), \&amp;quot;password123\&amp;quot;)</message>
  <nestedLevel>1</nestedLevel>
</record>
<record>
  <date>2019-06-17T11:37:19</date>
  <millis>1560751639029</millis>
  <sequence>226</sequence>
  <level>START</level>
  <class>com.kms.katalon.core.logging.XmlKeywordLogger</class>
  <method>startKeyword</method>
  <thread>1</thread>
  <message>Start action : click(findTestObject(\&amp;quot;GuestUser/Page_Shopping Cart/button_Sign In\&amp;quot;))</message>
  <nestedLevel>1</nestedLevel>
  <property name="startLine">72</property>
  <property name="stepIndex">29</property>
</record>
<record>
  <date>2019-06-17T11:37:19</date>
  <millis>1560751639152</millis>
  <sequence>233</sequence>
  <level>PASSED</level>
  <class>com.kms.katalon.core.logging.XmlKeywordLogger</class>
  <method>logMessage</method>
  <thread>1</thread>
  <message>Object: &amp;apos;Object Repository/GuestUser/Page_Shopping Cart/button_Sign In&amp;apos; is clicked on</message>
  <nestedLevel>1</nestedLevel>
</record>
<record>
  <date>2019-06-17T11:37:19</date>
  <millis>1560751639153</millis>
  <sequence>234</sequence>
  <level>END</level>
  <class>com.kms.katalon.core.logging.XmlKeywordLogger</class>
  <method>endKeyword</method>
  <thread>1</thread>
  <message>End action : click(findTestObject(\&amp;quot;GuestUser/Page_Shopping Cart/button_Sign In\&amp;quot;))</message>
  <nestedLevel>1</nestedLevel>
</record>
<record>
  <date>2019-06-17T11:37:19</date>
  <millis>1560751639153</millis>
  <sequence>235</sequence>
  <level>START</level>
  <class>com.kms.katalon.core.logging.XmlKeywordLogger</class>
  <method>startKeyword</method>
  <thread>1</thread>
  <message>Start action : delay(10)</message>
  <nestedLevel>1</nestedLevel>
  <property name="startLine">74</property>
  <property name="stepIndex">30</property>
</record>
<record>
  <date>2019-06-17T11:37:29</date>
  <millis>1560751649156</millis>
  <sequence>237</sequence>
  <level>PASSED</level>
  <class>com.kms.katalon.core.logging.XmlKeywordLogger</class>
  <method>logMessage</method>
  <thread>1</thread>
  <message>Delayed 10 second(s)</message>
  <nestedLevel>1</nestedLevel>
</record>
<record>
  <date>2019-06-17T11:37:29</date>
  <millis>1560751649158</millis>
  <sequence>238</sequence>
  <level>END</level>
  <class>com.kms.katalon.core.logging.XmlKeywordLogger</class>
  <method>endKeyword</method>
  <thread>1</thread>
  <message>End action : delay(10)</message>
  <nestedLevel>1</nestedLevel>
</record>
<record>
  <date>2019-06-17T11:37:29</date>
  <millis>1560751649158</millis>
  <sequence>239</sequence>
  <level>START</level>
  <class>com.kms.katalon.core.logging.XmlKeywordLogger</class>
  <method>startKeyword</method>
  <thread>1</thread>
  <message>Start action : click(findTestObject(\&amp;quot;Checkout/Page_Shopping Cart/ul_GO TO CHECKOUT                                                    Check Out with Multiple Addresses\&amp;quot;))</message>
  <nestedLevel>1</nestedLevel>
  <property name="startLine">76</property>
  <property name="stepIndex">31</property>
</record>
<record>
  <date>2019-06-17T11:37:29</date>
  <millis>1560751649305</millis>
  <sequence>246</sequence>
  <level>PASSED</level>
  <class>com.kms.katalon.core.logging.XmlKeywordLogger</class>
  <method>logMessage</method>
  <thread>1</thread>
  <message>Object: &amp;apos;Object Repository/Checkout/Page_Shopping Cart/ul_GO TO CHECKOUT                                                    Check Out with Multiple Addresses&amp;apos; is clicked on</message>
  <nestedLevel>1</nestedLevel>
</record>
<record>
  <date>2019-06-17T11:37:29</date>
  <millis>1560751649306</millis>
  <sequence>247</sequence>
  <level>END</level>
  <class>com.kms.katalon.core.logging.XmlKeywordLogger</class>
  <method>endKeyword</method>
  <thread>1</thread>
  <message>End action : click(findTestObject(\&amp;quot;Checkout/Page_Shopping Cart/ul_GO TO CHECKOUT                                                    Check Out with Multiple Addresses\&amp;quot;))</message>
  <nestedLevel>1</nestedLevel>
</record>
<record>
  <date>2019-06-17T11:37:29</date>
  <millis>1560751649306</millis>
  <sequence>248</sequence>
  <level>START</level>
  <class>com.kms.katalon.core.logging.XmlKeywordLogger</class>
  <method>startKeyword</method>
  <thread>1</thread>
  <message>Start action : click(findTestObject(\&amp;quot;add to cart/menu_cart_mini/Page_Shopping Cart/button_GO TO CHECKOUT\&amp;quot;))</message>
  <nestedLevel>1</nestedLevel>
  <property name="startLine">78</property>
  <property name="stepIndex">32</property>
</record>
<record>
  <date>2019-06-17T11:37:35</date>
  <millis>1560751655400</millis>
  <sequence>255</sequence>
  <level>PASSED</level>
  <class>com.kms.katalon.core.logging.XmlKeywordLogger</class>
  <method>logMessage</method>
  <thread>1</thread>
  <message>Object: &amp;apos;Object Repository/add to cart/menu_cart_mini/Page_Shopping Cart/button_GO TO CHECKOUT&amp;apos; is clicked on</message>
  <nestedLevel>1</nestedLevel>
</record>
<record>
  <date>2019-06-17T11:37:35</date>
  <millis>1560751655401</millis>
  <sequence>256</sequence>
  <level>END</level>
  <class>com.kms.katalon.core.logging.XmlKeywordLogger</class>
  <method>endKeyword</method>
  <thread>1</thread>
  <message>End action : click(findTestObject(\&amp;quot;add to cart/menu_cart_mini/Page_Shopping Cart/button_GO TO CHECKOUT\&amp;quot;))</message>
  <nestedLevel>1</nestedLevel>
</record>
<record>
  <date>2019-06-17T11:37:35</date>
  <millis>1560751655401</millis>
  <sequence>257</sequence>
  <level>START</level>
  <class>com.kms.katalon.core.logging.XmlKeywordLogger</class>
  <method>startKeyword</method>
  <thread>1</thread>
  <message>Start action : delay(30)</message>
  <nestedLevel>1</nestedLevel>
  <property name="startLine">80</property>
  <property name="stepIndex">33</property>
</record>
<record>
  <date>2019-06-17T11:38:05</date>
  <millis>1560751685404</millis>
  <sequence>259</sequence>
  <level>PASSED</level>
  <class>com.kms.katalon.core.logging.XmlKeywordLogger</class>
  <method>logMessage</method>
  <thread>1</thread>
  <message>Delayed 30 second(s)</message>
  <nestedLevel>1</nestedLevel>
</record>
<record>
  <date>2019-06-17T11:38:05</date>
  <millis>1560751685405</millis>
  <sequence>260</sequence>
  <level>END</level>
  <class>com.kms.katalon.core.logging.XmlKeywordLogger</class>
  <method>endKeyword</method>
  <thread>1</thread>
  <message>End action : delay(30)</message>
  <nestedLevel>1</nestedLevel>
</record>
<record>
  <date>2019-06-17T11:38:05</date>
  <millis>1560751685405</millis>
  <sequence>261</sequence>
  <level>START</level>
  <class>com.kms.katalon.core.logging.XmlKeywordLogger</class>
  <method>startKeyword</method>
  <thread>1</thread>
  <message>Start action : click(findTestObject(\&amp;quot;Checkout/Page_Checkout/input_Place Order_paymentmethod\&amp;quot;))</message>
  <nestedLevel>1</nestedLevel>
  <property name="startLine">82</property>
  <property name="stepIndex">34</property>
</record>
<record>
  <date>2019-06-17T11:38:05</date>
  <millis>1560751685530</millis>
  <sequence>268</sequence>
  <level>PASSED</level>
  <class>com.kms.katalon.core.logging.XmlKeywordLogger</class>
  <method>logMessage</method>
  <thread>1</thread>
  <message>Object: &amp;apos;Object Repository/Checkout/Page_Checkout/input_Place Order_paymentmethod&amp;apos; is clicked on</message>
  <nestedLevel>1</nestedLevel>
</record>
<record>
  <date>2019-06-17T11:38:05</date>
  <millis>1560751685531</millis>
  <sequence>269</sequence>
  <level>END</level>
  <class>com.kms.katalon.core.logging.XmlKeywordLogger</class>
  <method>endKeyword</method>
  <thread>1</thread>
  <message>End action : click(findTestObject(\&amp;quot;Checkout/Page_Checkout/input_Place Order_paymentmethod\&amp;quot;))</message>
  <nestedLevel>1</nestedLevel>
</record>
<record>
  <date>2019-06-17T11:38:05</date>
  <millis>1560751685531</millis>
  <sequence>270</sequence>
  <level>START</level>
  <class>com.kms.katalon.core.logging.XmlKeywordLogger</class>
  <method>startKeyword</method>
  <thread>1</thread>
  <message>Start action : scrollToElement(findTestObject(\&amp;quot;Checkout/Page_Checkout/input_Carrier Title_ko_unique_4\&amp;quot;), 0)</message>
  <nestedLevel>1</nestedLevel>
  <property name="startLine">84</property>
  <property name="stepIndex">35</property>
</record>
<record>
  <date>2019-06-17T11:38:05</date>
  <millis>1560751685538</millis>
  <sequence>274</sequence>
  <level>WARNING</level>
  <class>com.kms.katalon.core.logging.XmlKeywordLogger</class>
  <method>logMessage</method>
  <thread>1</thread>
  <message>Timeout &amp;apos;0&amp;apos; is invalid. Using default page load timeout: &amp;apos;30&amp;apos;</message>
  <nestedLevel>1</nestedLevel>
</record>
<record>
  <date>2019-06-17T11:38:05</date>
  <millis>1560751685564</millis>
  <sequence>279</sequence>
  <level>PASSED</level>
  <class>com.kms.katalon.core.logging.XmlKeywordLogger</class>
  <method>logMessage</method>
  <thread>1</thread>
  <message>Scroll to object &amp;apos;Object Repository/Checkout/Page_Checkout/input_Carrier Title_ko_unique_4&amp;apos; successfully</message>
  <nestedLevel>1</nestedLevel>
</record>
<record>
  <date>2019-06-17T11:38:05</date>
  <millis>1560751685565</millis>
  <sequence>280</sequence>
  <level>END</level>
  <class>com.kms.katalon.core.logging.XmlKeywordLogger</class>
  <method>endKeyword</method>
  <thread>1</thread>
  <message>End action : scrollToElement(findTestObject(\&amp;quot;Checkout/Page_Checkout/input_Carrier Title_ko_unique_4\&amp;quot;), 0)</message>
  <nestedLevel>1</nestedLevel>
</record>
<record>
  <date>2019-06-17T11:38:05</date>
  <millis>1560751685565</millis>
  <sequence>281</sequence>
  <level>START</level>
  <class>com.kms.katalon.core.logging.XmlKeywordLogger</class>
  <method>startKeyword</method>
  <thread>1</thread>
  <message>Start action : delay(10)</message>
  <nestedLevel>1</nestedLevel>
  <property name="startLine">86</property>
  <property name="stepIndex">36</property>
</record>
<record>
  <date>2019-06-17T11:38:15</date>
  <millis>1560751695567</millis>
  <sequence>283</sequence>
  <level>PASSED</level>
  <class>com.kms.katalon.core.logging.XmlKeywordLogger</class>
  <method>logMessage</method>
  <thread>1</thread>
  <message>Delayed 10 second(s)</message>
  <nestedLevel>1</nestedLevel>
</record>
<record>
  <date>2019-06-17T11:38:15</date>
  <millis>1560751695568</millis>
  <sequence>284</sequence>
  <level>END</level>
  <class>com.kms.katalon.core.logging.XmlKeywordLogger</class>
  <method>endKeyword</method>
  <thread>1</thread>
  <message>End action : delay(10)</message>
  <nestedLevel>1</nestedLevel>
</record>
<record>
  <date>2019-06-17T11:38:15</date>
  <millis>1560751695569</millis>
  <sequence>285</sequence>
  <level>START</level>
  <class>com.kms.katalon.core.logging.XmlKeywordLogger</class>
  <method>startKeyword</method>
  <thread>1</thread>
  <message>Start action : click(findTestObject(\&amp;quot;New Checkout/Page_Checkout/input_Self-collection_ko_unique_6\&amp;quot;), STOP_ON_FAILURE)</message>
  <nestedLevel>1</nestedLevel>
  <property name="startLine">88</property>
  <property name="stepIndex">37</property>
</record>
<record>
  <date>2019-06-17T11:38:15</date>
  <millis>1560751695770</millis>
  <sequence>292</sequence>
  <level>PASSED</level>
  <class>com.kms.katalon.core.logging.XmlKeywordLogger</class>
  <method>logMessage</method>
  <thread>1</thread>
  <message>Object: &amp;apos;Object Repository/New Checkout/Page_Checkout/input_Self-collection_ko_unique_6&amp;apos; is clicked on</message>
  <nestedLevel>1</nestedLevel>
</record>
<record>
  <date>2019-06-17T11:38:15</date>
  <millis>1560751695771</millis>
  <sequence>293</sequence>
  <level>END</level>
  <class>com.kms.katalon.core.logging.XmlKeywordLogger</class>
  <method>endKeyword</method>
  <thread>1</thread>
  <message>End action : click(findTestObject(\&amp;quot;New Checkout/Page_Checkout/input_Self-collection_ko_unique_6\&amp;quot;), STOP_ON_FAILURE)</message>
  <nestedLevel>1</nestedLevel>
</record>
<record>
  <date>2019-06-17T11:38:15</date>
  <millis>1560751695771</millis>
  <sequence>294</sequence>
  <level>START</level>
  <class>com.kms.katalon.core.logging.XmlKeywordLogger</class>
  <method>startKeyword</method>
  <thread>1</thread>
  <message>Start action : delay(5)</message>
  <nestedLevel>1</nestedLevel>
  <property name="startLine">90</property>
  <property name="stepIndex">38</property>
</record>
<record>
  <date>2019-06-17T11:38:20</date>
  <millis>1560751700773</millis>
  <sequence>296</sequence>
  <level>PASSED</level>
  <class>com.kms.katalon.core.logging.XmlKeywordLogger</class>
  <method>logMessage</method>
  <thread>1</thread>
  <message>Delayed 5 second(s)</message>
  <nestedLevel>1</nestedLevel>
</record>
<record>
  <date>2019-06-17T11:38:20</date>
  <millis>1560751700774</millis>
  <sequence>297</sequence>
  <level>END</level>
  <class>com.kms.katalon.core.logging.XmlKeywordLogger</class>
  <method>endKeyword</method>
  <thread>1</thread>
  <message>End action : delay(5)</message>
  <nestedLevel>1</nestedLevel>
</record>
<record>
  <date>2019-06-17T11:38:20</date>
  <millis>1560751700776</millis>
  <sequence>298</sequence>
  <level>START</level>
  <class>com.kms.katalon.core.logging.XmlKeywordLogger</class>
  <method>startKeyword</method>
  <thread>1</thread>
  <message>Start action : click(findTestObject(\&amp;quot;TandC/Page_Checkout/input_SGD 4300_agreement2\&amp;quot;), STOP_ON_FAILURE)</message>
  <nestedLevel>1</nestedLevel>
  <property name="startLine">92</property>
  <property name="stepIndex">39</property>
</record>
<record>
  <date>2019-06-17T11:38:20</date>
  <millis>1560751700913</millis>
  <sequence>305</sequence>
  <level>PASSED</level>
  <class>com.kms.katalon.core.logging.XmlKeywordLogger</class>
  <method>logMessage</method>
  <thread>1</thread>
  <message>Object: &amp;apos;Object Repository/TandC/Page_Checkout/input_SGD 4300_agreement2&amp;apos; is clicked on</message>
  <nestedLevel>1</nestedLevel>
</record>
<record>
  <date>2019-06-17T11:38:20</date>
  <millis>1560751700914</millis>
  <sequence>306</sequence>
  <level>END</level>
  <class>com.kms.katalon.core.logging.XmlKeywordLogger</class>
  <method>endKeyword</method>
  <thread>1</thread>
  <message>End action : click(findTestObject(\&amp;quot;TandC/Page_Checkout/input_SGD 4300_agreement2\&amp;quot;), STOP_ON_FAILURE)</message>
  <nestedLevel>1</nestedLevel>
</record>
<record>
  <date>2019-06-17T11:38:20</date>
  <millis>1560751700915</millis>
  <sequence>307</sequence>
  <level>START</level>
  <class>com.kms.katalon.core.logging.XmlKeywordLogger</class>
  <method>startKeyword</method>
  <thread>1</thread>
  <message>Start action : delay(10)</message>
  <nestedLevel>1</nestedLevel>
  <property name="startLine">94</property>
  <property name="stepIndex">40</property>
</record>
<record>
  <date>2019-06-17T11:38:30</date>
  <millis>1560751710917</millis>
  <sequence>309</sequence>
  <level>PASSED</level>
  <class>com.kms.katalon.core.logging.XmlKeywordLogger</class>
  <method>logMessage</method>
  <thread>1</thread>
  <message>Delayed 10 second(s)</message>
  <nestedLevel>1</nestedLevel>
</record>
<record>
  <date>2019-06-17T11:38:30</date>
  <millis>1560751710918</millis>
  <sequence>310</sequence>
  <level>END</level>
  <class>com.kms.katalon.core.logging.XmlKeywordLogger</class>
  <method>endKeyword</method>
  <thread>1</thread>
  <message>End action : delay(10)</message>
  <nestedLevel>1</nestedLevel>
</record>
<record>
  <date>2019-06-17T11:38:30</date>
  <millis>1560751710919</millis>
  <sequence>311</sequence>
  <level>START</level>
  <class>com.kms.katalon.core.logging.XmlKeywordLogger</class>
  <method>startKeyword</method>
  <thread>1</thread>
  <message>Start action : click(findTestObject(\&amp;quot;new place order/Page_Checkout/button_Place Order\&amp;quot;), OPTIONAL)</message>
  <nestedLevel>1</nestedLevel>
  <property name="startLine">96</property>
  <property name="stepIndex">41</property>
</record>
<record>
  <date>2019-06-17T11:38:31</date>
  <millis>1560751711091</millis>
  <sequence>318</sequence>
  <level>PASSED</level>
  <class>com.kms.katalon.core.logging.XmlKeywordLogger</class>
  <method>logMessage</method>
  <thread>1</thread>
  <message>Object: &amp;apos;Object Repository/new place order/Page_Checkout/button_Place Order&amp;apos; is clicked on</message>
  <nestedLevel>1</nestedLevel>
</record>
<record>
  <date>2019-06-17T11:38:31</date>
  <millis>1560751711091</millis>
  <sequence>319</sequence>
  <level>END</level>
  <class>com.kms.katalon.core.logging.XmlKeywordLogger</class>
  <method>endKeyword</method>
  <thread>1</thread>
  <message>End action : click(findTestObject(\&amp;quot;new place order/Page_Checkout/button_Place Order\&amp;quot;), OPTIONAL)</message>
  <nestedLevel>1</nestedLevel>
</record>
<record>
  <date>2019-06-17T11:38:31</date>
  <millis>1560751711092</millis>
  <sequence>320</sequence>
  <level>START</level>
  <class>com.kms.katalon.core.logging.XmlKeywordLogger</class>
  <method>startKeyword</method>
  <thread>1</thread>
  <message>Start action : delay(10)</message>
  <nestedLevel>1</nestedLevel>
  <property name="startLine">98</property>
  <property name="stepIndex">42</property>
</record>
<record>
  <date>2019-06-17T11:38:41</date>
  <millis>1560751721094</millis>
  <sequence>322</sequence>
  <level>PASSED</level>
  <class>com.kms.katalon.core.logging.XmlKeywordLogger</class>
  <method>logMessage</method>
  <thread>1</thread>
  <message>Delayed 10 second(s)</message>
  <nestedLevel>1</nestedLevel>
</record>
<record>
  <date>2019-06-17T11:38:41</date>
  <millis>1560751721095</millis>
  <sequence>323</sequence>
  <level>END</level>
  <class>com.kms.katalon.core.logging.XmlKeywordLogger</class>
  <method>endKeyword</method>
  <thread>1</thread>
  <message>End action : delay(10)</message>
  <nestedLevel>1</nestedLevel>
</record>
<record>
  <date>2019-06-17T11:38:41</date>
  <millis>1560751721096</millis>
  <sequence>324</sequence>
  <level>START</level>
  <class>com.kms.katalon.core.logging.XmlKeywordLogger</class>
  <method>startKeyword</method>
  <thread>1</thread>
  <message>Start action : todaysDate = today.format(\&amp;quot;MM_dd_yy\&amp;quot;)</message>
  <nestedLevel>1</nestedLevel>
  <property name="startLine">100</property>
  <property name="stepIndex">43</property>
</record>
<record>
  <date>2019-06-17T11:38:41</date>
  <millis>1560751721097</millis>
  <sequence>325</sequence>
  <level>NOT_RUN</level>
  <class>com.kms.katalon.core.logging.XmlKeywordLogger</class>
  <method>logMessage</method>
  <thread>1</thread>
  <message>NOT_RUN: todaysDate = today.format(\&amp;quot;MM_dd_yy\&amp;quot;)</message>
  <nestedLevel>1</nestedLevel>
</record>
<record>
  <date>2019-06-17T11:38:41</date>
  <millis>1560751721101</millis>
  <sequence>326</sequence>
  <level>END</level>
  <class>com.kms.katalon.core.logging.XmlKeywordLogger</class>
  <method>endKeyword</method>
  <thread>1</thread>
  <message>End action : todaysDate = today.format(\&amp;quot;MM_dd_yy\&amp;quot;)</message>
  <nestedLevel>1</nestedLevel>
</record>
<record>
  <date>2019-06-17T11:38:41</date>
  <millis>1560751721101</millis>
  <sequence>327</sequence>
  <level>START</level>
  <class>com.kms.katalon.core.logging.XmlKeywordLogger</class>
  <method>startKeyword</method>
  <thread>1</thread>
  <message>Start action : nowTime = today.format(\&amp;quot;hh_mm_ss\&amp;quot;)</message>
  <nestedLevel>1</nestedLevel>
  <property name="startLine">102</property>
  <property name="stepIndex">44</property>
</record>
<record>
  <date>2019-06-17T11:38:41</date>
  <millis>1560751721101</millis>
  <sequence>328</sequence>
  <level>NOT_RUN</level>
  <class>com.kms.katalon.core.logging.XmlKeywordLogger</class>
  <method>logMessage</method>
  <thread>1</thread>
  <message>NOT_RUN: nowTime = today.format(\&amp;quot;hh_mm_ss\&amp;quot;)</message>
  <nestedLevel>1</nestedLevel>
</record>
<record>
  <date>2019-06-17T11:38:41</date>
  <millis>1560751721101</millis>
  <sequence>329</sequence>
  <level>END</level>
  <class>com.kms.katalon.core.logging.XmlKeywordLogger</class>
  <method>endKeyword</method>
  <thread>1</thread>
  <message>End action : nowTime = today.format(\&amp;quot;hh_mm_ss\&amp;quot;)</message>
  <nestedLevel>1</nestedLevel>
</record>
<record>
  <date>2019-06-17T11:38:41</date>
  <millis>1560751721101</millis>
  <sequence>330</sequence>
  <level>START</level>
  <class>com.kms.katalon.core.logging.XmlKeywordLogger</class>
  <method>startKeyword</method>
  <thread>1</thread>
  <message>Start action : takeScreenshot(\&amp;quot;C:\\Users\\Ranosys\\git\\thethreadtheory\\screenshot_\&amp;quot;+ todaysDate +\&amp;quot;-\&amp;quot; + nowTime +\&amp;quot;.PNG\&amp;quot;)</message>
  <nestedLevel>1</nestedLevel>
  <property name="startLine">104</property>
  <property name="stepIndex">45</property>
</record>
<record>
  <date>2019-06-17T11:38:41</date>
  <millis>1560751721101</millis>
  <sequence>331</sequence>
  <level>NOT_RUN</level>
  <class>com.kms.katalon.core.logging.XmlKeywordLogger</class>
  <method>logMessage</method>
  <thread>1</thread>
  <message>NOT_RUN: takeScreenshot(\&amp;quot;C:\\Users\\Ranosys\\git\\thethreadtheory\\screenshot_\&amp;quot;+ todaysDate +\&amp;quot;-\&amp;quot; + nowTime +\&amp;quot;.PNG\&amp;quot;)</message>
  <nestedLevel>1</nestedLevel>
</record>
<record>
  <date>2019-06-17T11:38:41</date>
  <millis>1560751721101</millis>
  <sequence>332</sequence>
  <level>END</level>
  <class>com.kms.katalon.core.logging.XmlKeywordLogger</class>
  <method>endKeyword</method>
  <thread>1</thread>
  <message>End action : takeScreenshot(\&amp;quot;C:\\Users\\Ranosys\\git\\thethreadtheory\\screenshot_\&amp;quot;+ todaysDate +\&amp;quot;-\&amp;quot; + nowTime +\&amp;quot;.PNG\&amp;quot;)</message>
  <nestedLevel>1</nestedLevel>
</record>
<record>
  <date>2019-06-17T11:38:41</date>
  <millis>1560751721107</millis>
  <sequence>333</sequence>
  <level>START</level>
  <class>com.kms.katalon.core.logging.XmlKeywordLogger</class>
  <method>startKeyword</method>
  <thread>1</thread>
  <message>Start action : today = new java.util.Date()</message>
  <nestedLevel>1</nestedLevel>
  <property name="startLine">106</property>
  <property name="stepIndex">46</property>
</record>
<record>
  <date>2019-06-17T11:38:41</date>
  <millis>1560751721107</millis>
  <sequence>334</sequence>
  <level>NOT_RUN</level>
  <class>com.kms.katalon.core.logging.XmlKeywordLogger</class>
  <method>logMessage</method>
  <thread>1</thread>
  <message>NOT_RUN: today = new java.util.Date()</message>
  <nestedLevel>1</nestedLevel>
</record>
<record>
  <date>2019-06-17T11:38:41</date>
  <millis>1560751721107</millis>
  <sequence>335</sequence>
  <level>END</level>
  <class>com.kms.katalon.core.logging.XmlKeywordLogger</class>
  <method>endKeyword</method>
  <thread>1</thread>
  <message>End action : today = new java.util.Date()</message>
  <nestedLevel>1</nestedLevel>
</record>
<record>
  <date>2019-06-17T11:38:41</date>
  <millis>1560751721107</millis>
  <sequence>336</sequence>
  <level>START</level>
  <class>com.kms.katalon.core.logging.XmlKeywordLogger</class>
  <method>startKeyword</method>
  <thread>1</thread>
  <message>Start action : takeScreenshot(\&amp;quot;C:\\Users\\Ranosys\\git\\thethreadtheory\\screenshot.png\&amp;quot;, CONTINUE_ON_FAILURE)</message>
  <nestedLevel>1</nestedLevel>
  <property name="startLine">108</property>
  <property name="stepIndex">47</property>
</record>
<record>
  <date>2019-06-17T11:38:41</date>
  <millis>1560751721810</millis>
  <sequence>339</sequence>
  <level>FAILED</level>
  <class>com.kms.katalon.core.logging.XmlKeywordLogger</class>
  <method>logMessage</method>
  <thread>1</thread>
  <message>Cannot take screenshot (Root cause: com.kms.katalon.core.exception.StepFailedException: Cannot take screenshot\r\n\tat com.kms.katalon.core.webui.keyword.internal.WebUIKeywordMain.stepFailed(WebUIKeywordMain.groovy:64)\r\n\tat com.kms.katalon.core.webui.keyword.internal.WebUIKeywordMain.runKeyword(WebUIKeywordMain.groovy:26)\r\n\tat com.kms.katalon.core.webui.keyword.builtin.TakeScreenshotKeyword.takeScreenshot(TakeScreenshotKeyword.groovy:88)\r\n\tat com.kms.katalon.core.webui.keyword.builtin.TakeScreenshotKeyword.execute(TakeScreenshotKeyword.groovy:78)\r\n\tat com.kms.katalon.core.keyword.internal.KeywordExecutor.executeKeywordForPlatform(KeywordExecutor.groovy:56)\r\n\tat com.kms.katalon.core.webui.keyword.WebUiBuiltInKeywords.takeScreenshot(WebUiBuiltInKeywords.groovy:2894)\r\n\tat com.kms.katalon.core.webui.keyword.WebUiBuiltInKeywords$takeScreenshot$8.call(Unknown Source)\r\n\tat Guest_Login_Checkout.run(Guest_Login_Checkout:108)\r\n\tat com.kms.katalon.core.main.ScriptEngine.run(ScriptEngine.java:194)\r\n\tat com.kms.katalon.core.main.ScriptEngine.runScriptAsRawText(ScriptEngine.java:119)\r\n\tat com.kms.katalon.core.main.TestCaseExecutor.runScript(TestCaseExecutor.java:331)\r\n\tat com.kms.katalon.core.main.TestCaseExecutor.doExecute(TestCaseExecutor.java:322)\r\n\tat com.kms.katalon.core.main.TestCaseExecutor.processExecutionPhase(TestCaseExecutor.java:301)\r\n\tat com.kms.katalon.core.main.TestCaseExecutor.accessMainPhase(TestCaseExecutor.java:293)\r\n\tat com.kms.katalon.core.main.TestCaseExecutor.execute(TestCaseExecutor.java:227)\r\n\tat com.kms.katalon.core.main.TestSuiteExecutor.accessTestCaseMainPhase(TestSuiteExecutor.java:129)\r\n\tat com.kms.katalon.core.main.TestSuiteExecutor.accessTestSuiteMainPhase(TestSuiteExecutor.java:112)\r\n\tat com.kms.katalon.core.main.TestSuiteExecutor.execute(TestSuiteExecutor.java:81)\r\n\tat com.kms.katalon.core.main.TestCaseMain.startTestSuite(TestCaseMain.java:157)\r\n\tat com.kms.katalon.core.main.TestCaseMain$startTestSuite$0.call(Unknown Source)\r\n\tat TempTestSuite1560751531500.run(TempTestSuite1560751531500.groovy:35)\r\nCaused by: java.io.IOException: Destination &amp;apos;C:\\Users\\Ranosys\\git\\thethreadtheory&amp;apos; directory cannot be created\r\n\tat org.apache.commons.io.FileUtils.copyFile(FileUtils.java:1082)\r\n\tat com.kms.katalon.core.webui.util.FileUtil.takesScreenshot(FileUtil.java:27)\r\n\tat com.kms.katalon.core.webui.keyword.builtin.TakeScreenshotKeyword$_takeScreenshot_closure1.doCall(TakeScreenshotKeyword.groovy:89)\r\n\tat com.kms.katalon.core.webui.keyword.builtin.TakeScreenshotKeyword$_takeScreenshot_closure1.call(TakeScreenshotKeyword.groovy)\r\n\tat com.kms.katalon.core.webui.keyword.internal.WebUIKeywordMain.runKeyword(WebUIKeywordMain.groovy:20)\r\n\tat com.kms.katalon.core.webui.keyword.builtin.TakeScreenshotKeyword.takeScreenshot(TakeScreenshotKeyword.groovy:88)\r\n\tat com.kms.katalon.core.webui.keyword.builtin.TakeScreenshotKeyword.execute(TakeScreenshotKeyword.groovy:78)\r\n\tat com.kms.katalon.core.keyword.internal.KeywordExecutor.executeKeywordForPlatform(KeywordExecutor.groovy:56)\r\n\tat com.kms.katalon.core.webui.keyword.WebUiBuiltInKeywords.takeScreenshot(WebUiBuiltInKeywords.groovy:2894)\r\n\tat com.kms.katalon.core.webui.keyword.WebUiBuiltInKeywords$takeScreenshot$8.call(Unknown Source)\r\n\tat Script1560161294020.run(Script1560161294020.groovy:108)\r\n\t... 13 more\r\n)</message>
  <nestedLevel>1</nestedLevel>
  <property name="attachment">1560751721467.png</property>
</record>
<record>
  <date>2019-06-17T11:38:41</date>
  <millis>1560751721811</millis>
  <sequence>340</sequence>
  <level>END</level>
  <class>com.kms.katalon.core.logging.XmlKeywordLogger</class>
  <method>endKeyword</method>
  <thread>1</thread>
  <message>End action : takeScreenshot(\&amp;quot;C:\\Users\\Ranosys\\git\\thethreadtheory\\screenshot.png\&amp;quot;, CONTINUE_ON_FAILURE)</message>
  <nestedLevel>1</nestedLevel>
</record>
<record>
  <date>2019-06-17T11:38:41</date>
  <millis>1560751721811</millis>
  <sequence>341</sequence>
  <level>START</level>
  <class>com.kms.katalon.core.logging.XmlKeywordLogger</class>
  <method>startKeyword</method>
  <thread>1</thread>
  <message>Start action : delay(5)</message>
  <nestedLevel>1</nestedLevel>
  <property name="startLine">110</property>
  <property name="stepIndex">48</property>
</record>
<record>
  <date>2019-06-17T11:38:46</date>
  <millis>1560751726814</millis>
  <sequence>343</sequence>
  <level>PASSED</level>
  <class>com.kms.katalon.core.logging.XmlKeywordLogger</class>
  <method>logMessage</method>
  <thread>1</thread>
  <message>Delayed 5 second(s)</message>
  <nestedLevel>1</nestedLevel>
</record>
<record>
  <date>2019-06-17T11:38:46</date>
  <millis>1560751726815</millis>
  <sequence>344</sequence>
  <level>END</level>
  <class>com.kms.katalon.core.logging.XmlKeywordLogger</class>
  <method>endKeyword</method>
  <thread>1</thread>
  <message>End action : delay(5)</message>
  <nestedLevel>1</nestedLevel>
</record>
<record>
  <date>2019-06-17T11:38:46</date>
  <millis>1560751726816</millis>
  <sequence>345</sequence>
  <level>START</level>
  <class>com.kms.katalon.core.logging.XmlKeywordLogger</class>
  <method>startKeyword</method>
  <thread>1</thread>
  <message>Start action : scrollToElement(findTestObject(\&amp;quot;MultipleCheckout/Page_Success Page/button_Continue Shopping\&amp;quot;), 0)</message>
  <nestedLevel>1</nestedLevel>
  <property name="startLine">112</property>
  <property name="stepIndex">49</property>
</record>
<record>
  <date>2019-06-17T11:38:46</date>
  <millis>1560751726837</millis>
  <sequence>349</sequence>
  <level>WARNING</level>
  <class>com.kms.katalon.core.logging.XmlKeywordLogger</class>
  <method>logMessage</method>
  <thread>1</thread>
  <message>Timeout &amp;apos;0&amp;apos; is invalid. Using default page load timeout: &amp;apos;30&amp;apos;</message>
  <nestedLevel>1</nestedLevel>
</record>
<record>
  <date>2019-06-17T11:38:46</date>
  <millis>1560751726900</millis>
  <sequence>354</sequence>
  <level>PASSED</level>
  <class>com.kms.katalon.core.logging.XmlKeywordLogger</class>
  <method>logMessage</method>
  <thread>1</thread>
  <message>Scroll to object &amp;apos;Object Repository/MultipleCheckout/Page_Success Page/button_Continue Shopping&amp;apos; successfully</message>
  <nestedLevel>1</nestedLevel>
</record>
<record>
  <date>2019-06-17T11:38:46</date>
  <millis>1560751726901</millis>
  <sequence>355</sequence>
  <level>END</level>
  <class>com.kms.katalon.core.logging.XmlKeywordLogger</class>
  <method>endKeyword</method>
  <thread>1</thread>
  <message>End action : scrollToElement(findTestObject(\&amp;quot;MultipleCheckout/Page_Success Page/button_Continue Shopping\&amp;quot;), 0)</message>
  <nestedLevel>1</nestedLevel>
</record>
<record>
  <date>2019-06-17T11:38:46</date>
  <millis>1560751726901</millis>
  <sequence>356</sequence>
  <level>START</level>
  <class>com.kms.katalon.core.logging.XmlKeywordLogger</class>
  <method>startKeyword</method>
  <thread>1</thread>
  <message>Start action : click(findTestObject(\&amp;quot;MultipleCheckout/Page_Success Page/button_Continue Shopping\&amp;quot;))</message>
  <nestedLevel>1</nestedLevel>
  <property name="startLine">114</property>
  <property name="stepIndex">50</property>
</record>
<record>
  <date>2019-06-17T11:38:46</date>
  <millis>1560751726992</millis>
  <sequence>363</sequence>
  <level>PASSED</level>
  <class>com.kms.katalon.core.logging.XmlKeywordLogger</class>
  <method>logMessage</method>
  <thread>1</thread>
  <message>Object: &amp;apos;Object Repository/MultipleCheckout/Page_Success Page/button_Continue Shopping&amp;apos; is clicked on</message>
  <nestedLevel>1</nestedLevel>
</record>
<record>
  <date>2019-06-17T11:38:46</date>
  <millis>1560751726993</millis>
  <sequence>364</sequence>
  <level>END</level>
  <class>com.kms.katalon.core.logging.XmlKeywordLogger</class>
  <method>endKeyword</method>
  <thread>1</thread>
  <message>End action : click(findTestObject(\&amp;quot;MultipleCheckout/Page_Success Page/button_Continue Shopping\&amp;quot;))</message>
  <nestedLevel>1</nestedLevel>
</record>
<record>
  <date>2019-06-17T11:38:46</date>
  <millis>1560751726993</millis>
  <sequence>365</sequence>
  <level>START</level>
  <class>com.kms.katalon.core.logging.XmlKeywordLogger</class>
  <method>startKeyword</method>
  <thread>1</thread>
  <message>Start action : delay(10)</message>
  <nestedLevel>1</nestedLevel>
  <property name="startLine">116</property>
  <property name="stepIndex">51</property>
</record>
<record>
  <date>2019-06-17T11:38:56</date>
  <millis>1560751736996</millis>
  <sequence>367</sequence>
  <level>PASSED</level>
  <class>com.kms.katalon.core.logging.XmlKeywordLogger</class>
  <method>logMessage</method>
  <thread>1</thread>
  <message>Delayed 10 second(s)</message>
  <nestedLevel>1</nestedLevel>
</record>
<record>
  <date>2019-06-17T11:38:56</date>
  <millis>1560751736998</millis>
  <sequence>368</sequence>
  <level>END</level>
  <class>com.kms.katalon.core.logging.XmlKeywordLogger</class>
  <method>endKeyword</method>
  <thread>1</thread>
  <message>End action : delay(10)</message>
  <nestedLevel>1</nestedLevel>
</record>
<record>
  <date>2019-06-17T11:38:56</date>
  <millis>1560751736998</millis>
  <sequence>369</sequence>
  <level>START</level>
  <class>com.kms.katalon.core.logging.XmlKeywordLogger</class>
  <method>startKeyword</method>
  <thread>1</thread>
  <message>Start action : click(findTestObject(\&amp;quot;Add Receipt/Page_Welcome to The Thread Theory  The Thread Theory/span_Start shopping now _login-b-icon\&amp;quot;))</message>
  <nestedLevel>1</nestedLevel>
  <property name="startLine">118</property>
  <property name="stepIndex">52</property>
</record>
<record>
  <date>2019-06-17T11:38:57</date>
  <millis>1560751737116</millis>
  <sequence>376</sequence>
  <level>PASSED</level>
  <class>com.kms.katalon.core.logging.XmlKeywordLogger</class>
  <method>logMessage</method>
  <thread>1</thread>
  <message>Object: &amp;apos;Object Repository/Add Receipt/Page_Welcome to The Thread Theory  The Thread Theory/span_Start shopping now _login-b-icon&amp;apos; is clicked on</message>
  <nestedLevel>1</nestedLevel>
</record>
<record>
  <date>2019-06-17T11:38:57</date>
  <millis>1560751737117</millis>
  <sequence>377</sequence>
  <level>END</level>
  <class>com.kms.katalon.core.logging.XmlKeywordLogger</class>
  <method>endKeyword</method>
  <thread>1</thread>
  <message>End action : click(findTestObject(\&amp;quot;Add Receipt/Page_Welcome to The Thread Theory  The Thread Theory/span_Start shopping now _login-b-icon\&amp;quot;))</message>
  <nestedLevel>1</nestedLevel>
</record>
<record>
  <date>2019-06-17T11:38:57</date>
  <millis>1560751737117</millis>
  <sequence>378</sequence>
  <level>START</level>
  <class>com.kms.katalon.core.logging.XmlKeywordLogger</class>
  <method>startKeyword</method>
  <thread>1</thread>
  <message>Start action : click(findTestObject(\&amp;quot;Add Receipt/Page_Welcome to The Thread Theory  The Thread Theory/li_My Orders\&amp;quot;))</message>
  <nestedLevel>1</nestedLevel>
  <property name="startLine">120</property>
  <property name="stepIndex">53</property>
</record>
<record>
  <date>2019-06-17T11:39:00</date>
  <millis>1560751740165</millis>
  <sequence>385</sequence>
  <level>PASSED</level>
  <class>com.kms.katalon.core.logging.XmlKeywordLogger</class>
  <method>logMessage</method>
  <thread>1</thread>
  <message>Object: &amp;apos;Object Repository/Add Receipt/Page_Welcome to The Thread Theory  The Thread Theory/li_My Orders&amp;apos; is clicked on</message>
  <nestedLevel>1</nestedLevel>
</record>
<record>
  <date>2019-06-17T11:39:00</date>
  <millis>1560751740166</millis>
  <sequence>386</sequence>
  <level>END</level>
  <class>com.kms.katalon.core.logging.XmlKeywordLogger</class>
  <method>endKeyword</method>
  <thread>1</thread>
  <message>End action : click(findTestObject(\&amp;quot;Add Receipt/Page_Welcome to The Thread Theory  The Thread Theory/li_My Orders\&amp;quot;))</message>
  <nestedLevel>1</nestedLevel>
</record>
<record>
  <date>2019-06-17T11:39:00</date>
  <millis>1560751740166</millis>
  <sequence>387</sequence>
  <level>START</level>
  <class>com.kms.katalon.core.logging.XmlKeywordLogger</class>
  <method>startKeyword</method>
  <thread>1</thread>
  <message>Start action : delay(5)</message>
  <nestedLevel>1</nestedLevel>
  <property name="startLine">122</property>
  <property name="stepIndex">54</property>
</record>
<record>
  <date>2019-06-17T11:39:05</date>
  <millis>1560751745168</millis>
  <sequence>389</sequence>
  <level>PASSED</level>
  <class>com.kms.katalon.core.logging.XmlKeywordLogger</class>
  <method>logMessage</method>
  <thread>1</thread>
  <message>Delayed 5 second(s)</message>
  <nestedLevel>1</nestedLevel>
</record>
<record>
  <date>2019-06-17T11:39:05</date>
  <millis>1560751745170</millis>
  <sequence>390</sequence>
  <level>END</level>
  <class>com.kms.katalon.core.logging.XmlKeywordLogger</class>
  <method>endKeyword</method>
  <thread>1</thread>
  <message>End action : delay(5)</message>
  <nestedLevel>1</nestedLevel>
</record>
<record>
  <date>2019-06-17T11:39:05</date>
  <millis>1560751745171</millis>
  <sequence>391</sequence>
  <level>START</level>
  <class>com.kms.katalon.core.logging.XmlKeywordLogger</class>
  <method>startKeyword</method>
  <thread>1</thread>
  <message>Start action : click(findTestObject(\&amp;quot;Add Receipt/Page_My Orders/span_View Order\&amp;quot;))</message>
  <nestedLevel>1</nestedLevel>
  <property name="startLine">124</property>
  <property name="stepIndex">55</property>
</record>
<record>
  <date>2019-06-17T11:39:07</date>
  <millis>1560751747887</millis>
  <sequence>398</sequence>
  <level>PASSED</level>
  <class>com.kms.katalon.core.logging.XmlKeywordLogger</class>
  <method>logMessage</method>
  <thread>1</thread>
  <message>Object: &amp;apos;Object Repository/Add Receipt/Page_My Orders/span_View Order&amp;apos; is clicked on</message>
  <nestedLevel>1</nestedLevel>
</record>
<record>
  <date>2019-06-17T11:39:07</date>
  <millis>1560751747887</millis>
  <sequence>399</sequence>
  <level>END</level>
  <class>com.kms.katalon.core.logging.XmlKeywordLogger</class>
  <method>endKeyword</method>
  <thread>1</thread>
  <message>End action : click(findTestObject(\&amp;quot;Add Receipt/Page_My Orders/span_View Order\&amp;quot;))</message>
  <nestedLevel>1</nestedLevel>
</record>
<record>
  <date>2019-06-17T11:39:07</date>
  <millis>1560751747888</millis>
  <sequence>400</sequence>
  <level>START</level>
  <class>com.kms.katalon.core.logging.XmlKeywordLogger</class>
  <method>startKeyword</method>
  <thread>1</thread>
  <message>Start action : delay(5)</message>
  <nestedLevel>1</nestedLevel>
  <property name="startLine">126</property>
  <property name="stepIndex">56</property>
</record>
<record>
  <date>2019-06-17T11:39:12</date>
  <millis>1560751752889</millis>
  <sequence>402</sequence>
  <level>PASSED</level>
  <class>com.kms.katalon.core.logging.XmlKeywordLogger</class>
  <method>logMessage</method>
  <thread>1</thread>
  <message>Delayed 5 second(s)</message>
  <nestedLevel>1</nestedLevel>
</record>
<record>
  <date>2019-06-17T11:39:12</date>
  <millis>1560751752890</millis>
  <sequence>403</sequence>
  <level>END</level>
  <class>com.kms.katalon.core.logging.XmlKeywordLogger</class>
  <method>endKeyword</method>
  <thread>1</thread>
  <message>End action : delay(5)</message>
  <nestedLevel>1</nestedLevel>
</record>
<record>
  <date>2019-06-17T11:39:12</date>
  <millis>1560751752891</millis>
  <sequence>404</sequence>
  <level>START</level>
  <class>com.kms.katalon.core.logging.XmlKeywordLogger</class>
  <method>startKeyword</method>
  <thread>1</thread>
  <message>Start action : click(findTestObject(\&amp;quot;Add Receipt/Page_Order  000000052/span_Add Receipt\&amp;quot;))</message>
  <nestedLevel>1</nestedLevel>
  <property name="startLine">128</property>
  <property name="stepIndex">57</property>
</record>
<record>
  <date>2019-06-17T11:39:15</date>
  <millis>1560751755816</millis>
  <sequence>411</sequence>
  <level>PASSED</level>
  <class>com.kms.katalon.core.logging.XmlKeywordLogger</class>
  <method>logMessage</method>
  <thread>1</thread>
  <message>Object: &amp;apos;Object Repository/Add Receipt/Page_Order  000000052/span_Add Receipt&amp;apos; is clicked on</message>
  <nestedLevel>1</nestedLevel>
</record>
<record>
  <date>2019-06-17T11:39:15</date>
  <millis>1560751755817</millis>
  <sequence>412</sequence>
  <level>END</level>
  <class>com.kms.katalon.core.logging.XmlKeywordLogger</class>
  <method>endKeyword</method>
  <thread>1</thread>
  <message>End action : click(findTestObject(\&amp;quot;Add Receipt/Page_Order  000000052/span_Add Receipt\&amp;quot;))</message>
  <nestedLevel>1</nestedLevel>
</record>
<record>
  <date>2019-06-17T11:39:15</date>
  <millis>1560751755817</millis>
  <sequence>413</sequence>
  <level>START</level>
  <class>com.kms.katalon.core.logging.XmlKeywordLogger</class>
  <method>startKeyword</method>
  <thread>1</thread>
  <message>Start action : delay(5)</message>
  <nestedLevel>1</nestedLevel>
  <property name="startLine">130</property>
  <property name="stepIndex">58</property>
</record>
<record>
  <date>2019-06-17T11:39:20</date>
  <millis>1560751760819</millis>
  <sequence>415</sequence>
  <level>PASSED</level>
  <class>com.kms.katalon.core.logging.XmlKeywordLogger</class>
  <method>logMessage</method>
  <thread>1</thread>
  <message>Delayed 5 second(s)</message>
  <nestedLevel>1</nestedLevel>
</record>
<record>
  <date>2019-06-17T11:39:20</date>
  <millis>1560751760820</millis>
  <sequence>416</sequence>
  <level>END</level>
  <class>com.kms.katalon.core.logging.XmlKeywordLogger</class>
  <method>endKeyword</method>
  <thread>1</thread>
  <message>End action : delay(5)</message>
  <nestedLevel>1</nestedLevel>
</record>
<record>
  <date>2019-06-17T11:39:20</date>
  <millis>1560751760821</millis>
  <sequence>417</sequence>
  <level>START</level>
  <class>com.kms.katalon.core.logging.XmlKeywordLogger</class>
  <method>startKeyword</method>
  <thread>1</thread>
  <message>Start action : click(findTestObject(\&amp;quot;Add Receipt/Page_Payment Receipt/input__tran_datetime\&amp;quot;))</message>
  <nestedLevel>1</nestedLevel>
  <property name="startLine">132</property>
  <property name="stepIndex">59</property>
</record>
<record>
  <date>2019-06-17T11:39:21</date>
  <millis>1560751761014</millis>
  <sequence>424</sequence>
  <level>PASSED</level>
  <class>com.kms.katalon.core.logging.XmlKeywordLogger</class>
  <method>logMessage</method>
  <thread>1</thread>
  <message>Object: &amp;apos;Object Repository/Add Receipt/Page_Payment Receipt/input__tran_datetime&amp;apos; is clicked on</message>
  <nestedLevel>1</nestedLevel>
</record>
<record>
  <date>2019-06-17T11:39:21</date>
  <millis>1560751761015</millis>
  <sequence>425</sequence>
  <level>END</level>
  <class>com.kms.katalon.core.logging.XmlKeywordLogger</class>
  <method>endKeyword</method>
  <thread>1</thread>
  <message>End action : click(findTestObject(\&amp;quot;Add Receipt/Page_Payment Receipt/input__tran_datetime\&amp;quot;))</message>
  <nestedLevel>1</nestedLevel>
</record>
<record>
  <date>2019-06-17T11:39:21</date>
  <millis>1560751761015</millis>
  <sequence>426</sequence>
  <level>START</level>
  <class>com.kms.katalon.core.logging.XmlKeywordLogger</class>
  <method>startKeyword</method>
  <thread>1</thread>
  <message>Start action : click(findTestObject(\&amp;quot;Add Receipt/Page_Payment Receipt/a_date\&amp;quot;))</message>
  <nestedLevel>1</nestedLevel>
  <property name="startLine">134</property>
  <property name="stepIndex">60</property>
</record>
<record>
  <date>2019-06-17T11:39:52</date>
  <millis>1560751792828</millis>
  <sequence>431</sequence>
  <level>INFO</level>
  <class>com.kms.katalon.core.logging.XmlKeywordLogger</class>
  <method>logMessage</method>
  <thread>1</thread>
  <message>Unable to find the element located by &amp;apos;By.xpath: &amp;apos;. Please recheck the objects properties to make sure the desired element is located. </message>
  <nestedLevel>1</nestedLevel>
</record>
<record>
  <date>2019-06-17T11:39:53</date>
  <millis>1560751793209</millis>
  <sequence>434</sequence>
  <level>FAILED</level>
  <class>com.kms.katalon.core.logging.XmlKeywordLogger</class>
  <method>logMessage</method>
  <thread>1</thread>
  <message>Unable to click on object &amp;apos;Object Repository/Add Receipt/Page_Payment Receipt/a_date&amp;apos; (Root cause: com.kms.katalon.core.exception.StepFailedException: Unable to click on object &amp;apos;Object Repository/Add Receipt/Page_Payment Receipt/a_date&amp;apos;\r\n\tat com.kms.katalon.core.webui.keyword.internal.WebUIKeywordMain.stepFailed(WebUIKeywordMain.groovy:64)\r\n\tat com.kms.katalon.core.webui.keyword.internal.WebUIKeywordMain.runKeyword(WebUIKeywordMain.groovy:26)\r\n\tat com.kms.katalon.core.webui.keyword.builtin.ClickKeyword.click(ClickKeyword.groovy:86)\r\n\tat com.kms.katalon.core.webui.keyword.builtin.ClickKeyword.execute(ClickKeyword.groovy:67)\r\n\tat com.kms.katalon.core.keyword.internal.KeywordExecutor.executeKeywordForPlatform(KeywordExecutor.groovy:56)\r\n\tat com.kms.katalon.core.webui.keyword.WebUiBuiltInKeywords.click(WebUiBuiltInKeywords.groovy:616)\r\n\tat com.kms.katalon.core.webui.keyword.WebUiBuiltInKeywords$click$3.call(Unknown Source)\r\n\tat Guest_Login_Checkout.run(Guest_Login_Checkout:134)\r\n\tat com.kms.katalon.core.main.ScriptEngine.run(ScriptEngine.java:194)\r\n\tat com.kms.katalon.core.main.ScriptEngine.runScriptAsRawText(ScriptEngine.java:119)\r\n\tat com.kms.katalon.core.main.TestCaseExecutor.runScript(TestCaseExecutor.java:331)\r\n\tat com.kms.katalon.core.main.TestCaseExecutor.doExecute(TestCaseExecutor.java:322)\r\n\tat com.kms.katalon.core.main.TestCaseExecutor.processExecutionPhase(TestCaseExecutor.java:301)\r\n\tat com.kms.katalon.core.main.TestCaseExecutor.accessMainPhase(TestCaseExecutor.java:293)\r\n\tat com.kms.katalon.core.main.TestCaseExecutor.execute(TestCaseExecutor.java:227)\r\n\tat com.kms.katalon.core.main.TestSuiteExecutor.accessTestCaseMainPhase(TestSuiteExecutor.java:129)\r\n\tat com.kms.katalon.core.main.TestSuiteExecutor.accessTestSuiteMainPhase(TestSuiteExecutor.java:112)\r\n\tat com.kms.katalon.core.main.TestSuiteExecutor.execute(TestSuiteExecutor.java:81)\r\n\tat com.kms.katalon.core.main.TestCaseMain.startTestSuite(TestCaseMain.java:157)\r\n\tat com.kms.katalon.core.main.TestCaseMain$startTestSuite$0.call(Unknown Source)\r\n\tat TempTestSuite1560751531500.run(TempTestSuite1560751531500.groovy:35)\r\nCaused by: com.kms.katalon.core.webui.exception.WebElementNotFoundException: Web element with id: &amp;apos;Object Repository/Add Receipt/Page_Payment Receipt/a_date&amp;apos; located by &amp;apos;By.xpath: &amp;apos; not found\r\n\tat com.kms.katalon.core.webui.common.WebUiCommonHelper.findWebElement(WebUiCommonHelper.java:1053)\r\n\tat com.kms.katalon.core.webui.keyword.internal.WebUIAbstractKeyword.findWebElement(WebUIAbstractKeyword.groovy:27)\r\n\tat com.kms.katalon.core.webui.keyword.internal.WebUIAbstractKeyword.findWebElement(WebUIAbstractKeyword.groovy:26)\r\n\tat com.kms.katalon.core.webui.keyword.builtin.ClickKeyword$_click_closure1.doCall(ClickKeyword.groovy:77)\r\n\tat com.kms.katalon.core.webui.keyword.builtin.ClickKeyword$_click_closure1.call(ClickKeyword.groovy)\r\n\tat com.kms.katalon.core.webui.keyword.internal.WebUIKeywordMain.runKeyword(WebUIKeywordMain.groovy:20)\r\n\tat com.kms.katalon.core.webui.keyword.builtin.ClickKeyword.click(ClickKeyword.groovy:86)\r\n\tat com.kms.katalon.core.webui.keyword.builtin.ClickKeyword.execute(ClickKeyword.groovy:67)\r\n\tat com.kms.katalon.core.keyword.internal.KeywordExecutor.executeKeywordForPlatform(KeywordExecutor.groovy:56)\r\n\tat com.kms.katalon.core.webui.keyword.WebUiBuiltInKeywords.click(WebUiBuiltInKeywords.groovy:616)\r\n\tat com.kms.katalon.core.webui.keyword.WebUiBuiltInKeywords$click$3.call(Unknown Source)\r\n\tat Script1560161294020.run(Script1560161294020.groovy:134)\r\n\t... 13 more\r\n)</message>
  <nestedLevel>1</nestedLevel>
  <property name="attachment">1560751792831.png</property>
</record>
